<?xml version="1.0" encoding="UTF-8"?>
<Site BuildName="(empty)"
	BuildStamp="20210105-1523-Experimental"
	Name="(empty)"
	Generator="ctest-3.19.2"
	CompilerName=""
	CompilerVersion=""
	OSName="Linux"
	Hostname="archlinux-nicovsj"
	OSRelease="5.10.4-arch2-1"
	OSVersion="#1 SMP PREEMPT Fri, 01 Jan 2021 05:29:53 +0000"
	OSPlatform="x86_64"
	Is64Bits="1"
	VendorString="GenuineIntel"
	VendorID="Intel Corporation"
	FamilyID="6"
	ModelID="142"
	ProcessorCacheSize="3072"
	NumberOfLogicalCPU="4"
	NumberOfPhysicalCPU="2"
	TotalVirtualMemory="0"
	TotalPhysicalMemory="23933"
	LogicalProcessorsPerPhysical="2"
	ProcessorClockFrequency="2926.78"
	>
	<Testing>
		<StartDateTime>Jan 05 13:42 -03</StartDateTime>
		<StartTestTime>1609864931</StartTestTime>
		<TestList>
			<Test>/home/nicovsj/repos/research/REmatch-org/REmatch/REmatchEngine/test_input_automata_file.test1</Test>
			<Test>/home/nicovsj/repos/research/REmatch-org/REmatch/REmatchEngine/test_input_automata_file.test2</Test>
			<Test>/home/nicovsj/repos/research/REmatch-org/REmatch/REmatchEngine/test_input_automata_file.test3</Test>
			<Test>/home/nicovsj/repos/research/REmatch-org/REmatch/REmatchEngine/test_input_regex_file.test_all_substrings1</Test>
			<Test>/home/nicovsj/repos/research/REmatch-org/REmatch/REmatchEngine/test_input_regex_file.test_all_substrings3</Test>
			<Test>/home/nicovsj/repos/research/REmatch-org/REmatch/REmatchEngine/test_input_regex_file.test_all_substrings2</Test>
			<Test>/home/nicovsj/repos/research/REmatch-org/REmatch/REmatchEngine/test_input_regex_file.test_all_substrings4</Test>
			<Test>/home/nicovsj/repos/research/REmatch-org/REmatch/REmatchEngine/test_input_regex_file.test_disjunction_of_equal_re1</Test>
			<Test>/home/nicovsj/repos/research/REmatch-org/REmatch/REmatchEngine/test_input_regex_file.test_disjunction_of_equal_re2</Test>
			<Test>/home/nicovsj/repos/research/REmatch-org/REmatch/REmatchEngine/test_input_regex_file.test_disjunction_of_equal_re3</Test>
			<Test>/home/nicovsj/repos/research/REmatch-org/REmatch/REmatchEngine/test_input_regex_file.test_disjunction_of_equal_re4</Test>
			<Test>/home/nicovsj/repos/research/REmatch-org/REmatch/REmatchEngine/test_input_regex_file.test_disjunction_of_equal_re5</Test>
			<Test>/home/nicovsj/repos/research/REmatch-org/REmatch/REmatchEngine/test_input_regex_file.test_disjunction_of_equal_re6</Test>
			<Test>/home/nicovsj/repos/research/REmatch-org/REmatch/REmatchEngine/test_input_regex_file.test_disjunction_of_equal_vars1</Test>
			<Test>/home/nicovsj/repos/research/REmatch-org/REmatch/REmatchEngine/test_input_regex_file.test_disjunction_of_equal_vars2</Test>
			<Test>/home/nicovsj/repos/research/REmatch-org/REmatch/REmatchEngine/test_input_regex_file.test_disjunction_of_equal_vars3</Test>
			<Test>/home/nicovsj/repos/research/REmatch-org/REmatch/REmatchEngine/test_input_regex_file.test_disjunction_of_equal_vars4</Test>
			<Test>/home/nicovsj/repos/research/REmatch-org/REmatch/REmatchEngine/test_input_regex_file.test_disjunction_of_equal_vars5</Test>
			<Test>/home/nicovsj/repos/research/REmatch-org/REmatch/REmatchEngine/test_input_regex_file.test_disjunction_of_equal_vars6</Test>
			<Test>/home/nicovsj/repos/research/REmatch-org/REmatch/REmatchEngine/test_input_regex_file.test_disjunctive_overlaps1</Test>
			<Test>/home/nicovsj/repos/research/REmatch-org/REmatch/REmatchEngine/test_input_regex_file.test_disjunctive_overlaps2</Test>
			<Test>/home/nicovsj/repos/research/REmatch-org/REmatch/REmatchEngine/test_input_regex_file.test_disjunctive_overlaps3</Test>
			<Test>/home/nicovsj/repos/research/REmatch-org/REmatch/REmatchEngine/test_input_regex_file.test_disjunctive_overlaps4</Test>
			<Test>/home/nicovsj/repos/research/REmatch-org/REmatch/REmatchEngine/test_input_regex_file.test_disjunctive_overlaps5</Test>
			<Test>/home/nicovsj/repos/research/REmatch-org/REmatch/REmatchEngine/test_input_regex_file.test_disjunctive_overlaps6</Test>
			<Test>/home/nicovsj/repos/research/REmatch-org/REmatch/REmatchEngine/test_input_regex_file.test_first_and_last_element1</Test>
			<Test>/home/nicovsj/repos/research/REmatch-org/REmatch/REmatchEngine/test_input_regex_file.test_first_and_last_element2</Test>
			<Test>/home/nicovsj/repos/research/REmatch-org/REmatch/REmatchEngine/test_input_regex_file.test_first_and_last_element3</Test>
			<Test>/home/nicovsj/repos/research/REmatch-org/REmatch/REmatchEngine/test_input_regex_file.test_first_and_last_element4</Test>
			<Test>/home/nicovsj/repos/research/REmatch-org/REmatch/REmatchEngine/test_input_regex_file.test_kleene_star1</Test>
			<Test>/home/nicovsj/repos/research/REmatch-org/REmatch/REmatchEngine/test_input_regex_file.test_last_element1</Test>
			<Test>/home/nicovsj/repos/research/REmatch-org/REmatch/REmatchEngine/test_input_regex_file.test_last_element2</Test>
			<Test>/home/nicovsj/repos/research/REmatch-org/REmatch/REmatchEngine/test_input_regex_file.test_multiple_paths1</Test>
			<Test>/home/nicovsj/repos/research/REmatch-org/REmatch/REmatchEngine/test_input_regex_file.test_multiple_paths2</Test>
			<Test>/home/nicovsj/repos/research/REmatch-org/REmatch/REmatchEngine/test_input_regex_file.test_multiple_paths3</Test>
			<Test>/home/nicovsj/repos/research/REmatch-org/REmatch/REmatchEngine/test_input_regex_file.test_multiple_paths6</Test>
			<Test>/home/nicovsj/repos/research/REmatch-org/REmatch/REmatchEngine/test_input_regex_file.test_multiple_paths4</Test>
			<Test>/home/nicovsj/repos/research/REmatch-org/REmatch/REmatchEngine/test_input_regex_file.test_specific_element2</Test>
			<Test>/home/nicovsj/repos/research/REmatch-org/REmatch/REmatchEngine/test_input_regex_file.test_the_whole_document1</Test>
			<Test>/home/nicovsj/repos/research/REmatch-org/REmatch/REmatchEngine/test_input_regex_file.test_multiple_paths5</Test>
			<Test>/home/nicovsj/repos/research/REmatch-org/REmatch/REmatchEngine/test_input_regex_file.test_the_whole_document2</Test>
			<Test>/home/nicovsj/repos/research/REmatch-org/REmatch/REmatchEngine/test_input_regex_file.test_multiple_operators3</Test>
			<Test>/home/nicovsj/repos/research/REmatch-org/REmatch/REmatchEngine/test_input_regex_file.test_single_char_match1</Test>
			<Test>/home/nicovsj/repos/research/REmatch-org/REmatch/REmatchEngine/test_input_regex_file.test_disjunction3</Test>
			<Test>/home/nicovsj/repos/research/REmatch-org/REmatch/REmatchEngine/test_input_regex_file.test_one_or_more_char_match1</Test>
			<Test>/home/nicovsj/repos/research/REmatch-org/REmatch/REmatchEngine/test_input_regex_file.test_nested_disjunction1</Test>
			<Test>/home/nicovsj/repos/research/REmatch-org/REmatch/REmatchEngine/test_input_regex_file.test_multiple_operators4</Test>
			<Test>/home/nicovsj/repos/research/REmatch-org/REmatch/REmatchEngine/test_input_regex_file.test_character_sets6</Test>
			<Test>/home/nicovsj/repos/research/REmatch-org/REmatch/REmatchEngine/test_input_regex_file.test_concat_order3</Test>
			<Test>/home/nicovsj/repos/research/REmatch-org/REmatch/REmatchEngine/test_input_regex_file.test_two_char_match4</Test>
			<Test>/home/nicovsj/repos/research/REmatch-org/REmatch/REmatchEngine/test_input_regex_file.test_nested_disjunction_inverse1</Test>
			<Test>/home/nicovsj/repos/research/REmatch-org/REmatch/REmatchEngine/test_input_regex_file.test_nesting_variables_inverse1</Test>
			<Test>/home/nicovsj/repos/research/REmatch-org/REmatch/REmatchEngine/test_input_regex_file.test_first_element2</Test>
			<Test>/home/nicovsj/repos/research/REmatch-org/REmatch/REmatchEngine/test_input_regex_file.test_multiple_operators5</Test>
			<Test>/home/nicovsj/repos/research/REmatch-org/REmatch/REmatchEngine/test_input_regex_file.test_multiple_operators6</Test>
			<Test>/home/nicovsj/repos/research/REmatch-org/REmatch/REmatchEngine/test_input_regex_file.test_two_char_match5</Test>
			<Test>/home/nicovsj/repos/research/REmatch-org/REmatch/REmatchEngine/test_input_regex_file.test_first_element1</Test>
			<Test>/home/nicovsj/repos/research/REmatch-org/REmatch/REmatchEngine/test_input_regex_file.test_nested_vars_concat_adv1</Test>
			<Test>/home/nicovsj/repos/research/REmatch-org/REmatch/REmatchEngine/test_input_regex_file.test_concat_adv2</Test>
			<Test>/home/nicovsj/repos/research/REmatch-org/REmatch/REmatchEngine/test_input_regex_file.test_character_sets5</Test>
			<Test>/home/nicovsj/repos/research/REmatch-org/REmatch/REmatchEngine/test_input_regex_file.test_character_sets3</Test>
			<Test>/home/nicovsj/repos/research/REmatch-org/REmatch/REmatchEngine/test_input_regex_file.test_concat3</Test>
			<Test>/home/nicovsj/repos/research/REmatch-org/REmatch/REmatchEngine/test_input_regex_file.test_multiple_operators2</Test>
			<Test>/home/nicovsj/repos/research/REmatch-org/REmatch/REmatchEngine/test_input_regex_file.test_nested_disjunction2</Test>
			<Test>/home/nicovsj/repos/research/REmatch-org/REmatch/REmatchEngine/test_input_regex_file.test_nesting_variables1</Test>
			<Test>/home/nicovsj/repos/research/REmatch-org/REmatch/REmatchEngine/test_input_regex_file.test_character_sets4</Test>
			<Test>/home/nicovsj/repos/research/REmatch-org/REmatch/REmatchEngine/test_input_regex_file.test_disjunction2</Test>
			<Test>/home/nicovsj/repos/research/REmatch-org/REmatch/REmatchEngine/test_input_regex_file.test_character_sets2</Test>
			<Test>/home/nicovsj/repos/research/REmatch-org/REmatch/REmatchEngine/test_input_regex_file.test_nested_disjunction3</Test>
			<Test>/home/nicovsj/repos/research/REmatch-org/REmatch/REmatchEngine/test_input_regex_file.test_character_sets1</Test>
			<Test>/home/nicovsj/repos/research/REmatch-org/REmatch/REmatchEngine/test_input_regex_file.test_two_char_match1</Test>
			<Test>/home/nicovsj/repos/research/REmatch-org/REmatch/REmatchEngine/test_input_regex_file.test_nested_disjunction4</Test>
			<Test>/home/nicovsj/repos/research/REmatch-org/REmatch/REmatchEngine/test_input_regex_file.test_disjunction5</Test>
			<Test>/home/nicovsj/repos/research/REmatch-org/REmatch/REmatchEngine/test_input_regex_file.test_nested_vars_concat_adv6</Test>
			<Test>/home/nicovsj/repos/research/REmatch-org/REmatch/REmatchEngine/test_input_regex_file.test_disjunction_inverse2</Test>
			<Test>/home/nicovsj/repos/research/REmatch-org/REmatch/REmatchEngine/test_input_regex_file.test_concat_adv1</Test>
			<Test>/home/nicovsj/repos/research/REmatch-org/REmatch/REmatchEngine/test_input_regex_file.test_nested_vars_concat_adv7</Test>
			<Test>/home/nicovsj/repos/research/REmatch-org/REmatch/REmatchEngine/test_input_regex_file.test_nested_vars_concat_adv4</Test>
			<Test>/home/nicovsj/repos/research/REmatch-org/REmatch/REmatchEngine/test_input_regex_file.test_two_char_match3</Test>
			<Test>/home/nicovsj/repos/research/REmatch-org/REmatch/REmatchEngine/test_input_regex_file.test_disjunction4</Test>
			<Test>/home/nicovsj/repos/research/REmatch-org/REmatch/REmatchEngine/test_input_regex_file.test_nested_disjunction_inverse2</Test>
			<Test>/home/nicovsj/repos/research/REmatch-org/REmatch/REmatchEngine/test_input_regex_file.test_nested_vars_concat_adv2</Test>
			<Test>/home/nicovsj/repos/research/REmatch-org/REmatch/REmatchEngine/test_input_regex_file.test_multiple_operators1</Test>
			<Test>/home/nicovsj/repos/research/REmatch-org/REmatch/REmatchEngine/test_input_regex_file.test_nested_vars_concat_adv5</Test>
			<Test>/home/nicovsj/repos/research/REmatch-org/REmatch/REmatchEngine/test_input_regex_file.test_disjunction_inverse4</Test>
			<Test>/home/nicovsj/repos/research/REmatch-org/REmatch/REmatchEngine/test_input_regex_file.test_nested_vars_concat1</Test>
			<Test>/home/nicovsj/repos/research/REmatch-org/REmatch/REmatchEngine/test_input_regex_file.test_disjunction6</Test>
			<Test>/home/nicovsj/repos/research/REmatch-org/REmatch/REmatchEngine/test_input_regex_file.test_disjunction_inverse1</Test>
			<Test>/home/nicovsj/repos/research/REmatch-org/REmatch/REmatchEngine/test_input_regex_file.test_disjunction_inverse3</Test>
			<Test>/home/nicovsj/repos/research/REmatch-org/REmatch/REmatchEngine/test_input_regex_file.test_disjunction_inverse5</Test>
			<Test>/home/nicovsj/repos/research/REmatch-org/REmatch/REmatchEngine/test_input_regex_file.test_concat2</Test>
			<Test>/home/nicovsj/repos/research/REmatch-org/REmatch/REmatchEngine/test_input_regex_file.test_disjunction_inverse6</Test>
			<Test>/home/nicovsj/repos/research/REmatch-org/REmatch/REmatchEngine/test_input_regex_file.test_nested_vars_concat_adv3</Test>
			<Test>/home/nicovsj/repos/research/REmatch-org/REmatch/REmatchEngine/test_input_regex_file.test_nesting_variables_inverse2</Test>
			<Test>/home/nicovsj/repos/research/REmatch-org/REmatch/REmatchEngine/test_input_regex_file.test_nesting_variables3</Test>
			<Test>/home/nicovsj/repos/research/REmatch-org/REmatch/REmatchEngine/test_input_regex_file.test_nesting_variables2</Test>
			<Test>/home/nicovsj/repos/research/REmatch-org/REmatch/REmatchEngine/test_input_regex_file.test_nesting_variables_inverse3</Test>
			<Test>/home/nicovsj/repos/research/REmatch-org/REmatch/REmatchEngine/test_input_regex_file.test_nested_disjunction_inverse3</Test>
			<Test>/home/nicovsj/repos/research/REmatch-org/REmatch/REmatchEngine/test_input_regex_file.test_concat1</Test>
			<Test>/home/nicovsj/repos/research/REmatch-org/REmatch/REmatchEngine/test_input_regex_file.test_one_or_more_char_match3</Test>
			<Test>/home/nicovsj/repos/research/REmatch-org/REmatch/REmatchEngine/test_input_regex_file.test_two_char_match2</Test>
			<Test>/home/nicovsj/repos/research/REmatch-org/REmatch/REmatchEngine/test_input_regex_file.test_nested_disjunction_inverse4</Test>
			<Test>/home/nicovsj/repos/research/REmatch-org/REmatch/REmatchEngine/test_input_regex_file.test_one_or_more_char_match2</Test>
			<Test>/home/nicovsj/repos/research/REmatch-org/REmatch/REmatchEngine/test_input_regex_file.test_concat_order2</Test>
			<Test>/home/nicovsj/repos/research/REmatch-org/REmatch/REmatchEngine/test_input_regex_file.test_one_or_more_char_match5</Test>
			<Test>/home/nicovsj/repos/research/REmatch-org/REmatch/REmatchEngine/test_input_regex_file.test_one_or_more_char_match4</Test>
			<Test>/home/nicovsj/repos/research/REmatch-org/REmatch/REmatchEngine/test_input_regex_file.test_single_char_match4</Test>
			<Test>/home/nicovsj/repos/research/REmatch-org/REmatch/REmatchEngine/test_input_regex_file.test_concat_order1</Test>
			<Test>/home/nicovsj/repos/research/REmatch-org/REmatch/REmatchEngine/test_input_regex_file.test_single_char_match5</Test>
			<Test>/home/nicovsj/repos/research/REmatch-org/REmatch/REmatchEngine/test_input_regex_file.test_nested_vars_concat3</Test>
			<Test>/home/nicovsj/repos/research/REmatch-org/REmatch/REmatchEngine/test_input_regex_file.test_specific_element3</Test>
			<Test>/home/nicovsj/repos/research/REmatch-org/REmatch/REmatchEngine/test_input_regex_file.test_single_char_match2</Test>
			<Test>/home/nicovsj/repos/research/REmatch-org/REmatch/REmatchEngine/test_input_regex_file.test_nested_vars_concat2</Test>
			<Test>/home/nicovsj/repos/research/REmatch-org/REmatch/REmatchEngine/test_input_regex_file.test_specific_element1</Test>
			<Test>/home/nicovsj/repos/research/REmatch-org/REmatch/REmatchEngine/test_input_regex_file.test_single_char_match3</Test>
			<Test>/home/nicovsj/repos/research/REmatch-org/REmatch/REmatchEngine/test_input_regex_file.test_disjunction1</Test>
		</TestList>
		<Test Status="failed">
			<Name>test_input_automata_file.test1</Name>
			<Path>/home/nicovsj/repos/research/REmatch-org/REmatch/REmatchEngine</Path>
			<FullName>/home/nicovsj/repos/research/REmatch-org/REmatch/REmatchEngine/test_input_automata_file.test1</FullName>
			<FullCommandLine>/home/nicovsj/repos/research/REmatch-org/REmatch/REmatchEngine/build/Debug/bin/rematch_test "--run_test=test_input_automata_file/_0" "--catch_system_error=yes"</FullCommandLine>
			<Results>
				<NamedMeasurement type="text/string" name="Exit Code">
					<Value>Failed</Value>
				</NamedMeasurement>
				<NamedMeasurement type="text/string" name="Exit Value">
					<Value>200</Value>
				</NamedMeasurement>
				<NamedMeasurement type="numeric/double" name="Execution Time">
					<Value>0.047548</Value>
				</NamedMeasurement>
				<NamedMeasurement type="numeric/double" name="Processors">
					<Value>1</Value>
				</NamedMeasurement>
				<NamedMeasurement type="text/string" name="Completion Status">
					<Value>Completed</Value>
				</NamedMeasurement>
				<NamedMeasurement type="text/string" name="Command Line">
					<Value>/home/nicovsj/repos/research/REmatch-org/REmatch/REmatchEngine/build/Debug/bin/rematch_test "--run_test=test_input_automata_file/_0" "--catch_system_error=yes"</Value>
				</NamedMeasurement>
				<NamedMeasurement type="text/string" name="Environment">
					<Value>#CTEST_RESOURCE_GROUP_COUNT=</Value>
				</NamedMeasurement>
				<Measurement>
					<Value>Test setup error: no test cases matching filter or all test cases were disabled
</Value>
				</Measurement>
			</Results>
		</Test>
		<Test Status="failed">
			<Name>test_input_automata_file.test2</Name>
			<Path>/home/nicovsj/repos/research/REmatch-org/REmatch/REmatchEngine</Path>
			<FullName>/home/nicovsj/repos/research/REmatch-org/REmatch/REmatchEngine/test_input_automata_file.test2</FullName>
			<FullCommandLine>/home/nicovsj/repos/research/REmatch-org/REmatch/REmatchEngine/build/Debug/bin/rematch_test "--run_test=test_input_automata_file/_1" "--catch_system_error=yes"</FullCommandLine>
			<Results>
				<NamedMeasurement type="text/string" name="Exit Code">
					<Value>Failed</Value>
				</NamedMeasurement>
				<NamedMeasurement type="text/string" name="Exit Value">
					<Value>200</Value>
				</NamedMeasurement>
				<NamedMeasurement type="numeric/double" name="Execution Time">
					<Value>0.0459595</Value>
				</NamedMeasurement>
				<NamedMeasurement type="numeric/double" name="Processors">
					<Value>1</Value>
				</NamedMeasurement>
				<NamedMeasurement type="text/string" name="Completion Status">
					<Value>Completed</Value>
				</NamedMeasurement>
				<NamedMeasurement type="text/string" name="Command Line">
					<Value>/home/nicovsj/repos/research/REmatch-org/REmatch/REmatchEngine/build/Debug/bin/rematch_test "--run_test=test_input_automata_file/_1" "--catch_system_error=yes"</Value>
				</NamedMeasurement>
				<NamedMeasurement type="text/string" name="Environment">
					<Value>#CTEST_RESOURCE_GROUP_COUNT=</Value>
				</NamedMeasurement>
				<Measurement>
					<Value>Test setup error: no test cases matching filter or all test cases were disabled
</Value>
				</Measurement>
			</Results>
		</Test>
		<Test Status="failed">
			<Name>test_input_automata_file.test3</Name>
			<Path>/home/nicovsj/repos/research/REmatch-org/REmatch/REmatchEngine</Path>
			<FullName>/home/nicovsj/repos/research/REmatch-org/REmatch/REmatchEngine/test_input_automata_file.test3</FullName>
			<FullCommandLine>/home/nicovsj/repos/research/REmatch-org/REmatch/REmatchEngine/build/Debug/bin/rematch_test "--run_test=test_input_automata_file/_2" "--catch_system_error=yes"</FullCommandLine>
			<Results>
				<NamedMeasurement type="text/string" name="Exit Code">
					<Value>Failed</Value>
				</NamedMeasurement>
				<NamedMeasurement type="text/string" name="Exit Value">
					<Value>200</Value>
				</NamedMeasurement>
				<NamedMeasurement type="numeric/double" name="Execution Time">
					<Value>0.0414856</Value>
				</NamedMeasurement>
				<NamedMeasurement type="numeric/double" name="Processors">
					<Value>1</Value>
				</NamedMeasurement>
				<NamedMeasurement type="text/string" name="Completion Status">
					<Value>Completed</Value>
				</NamedMeasurement>
				<NamedMeasurement type="text/string" name="Command Line">
					<Value>/home/nicovsj/repos/research/REmatch-org/REmatch/REmatchEngine/build/Debug/bin/rematch_test "--run_test=test_input_automata_file/_2" "--catch_system_error=yes"</Value>
				</NamedMeasurement>
				<NamedMeasurement type="text/string" name="Environment">
					<Value>#CTEST_RESOURCE_GROUP_COUNT=</Value>
				</NamedMeasurement>
				<Measurement>
					<Value>Test setup error: no test cases matching filter or all test cases were disabled
</Value>
				</Measurement>
			</Results>
		</Test>
		<Test Status="failed">
			<Name>test_input_regex_file.test_all_substrings1</Name>
			<Path>/home/nicovsj/repos/research/REmatch-org/REmatch/REmatchEngine</Path>
			<FullName>/home/nicovsj/repos/research/REmatch-org/REmatch/REmatchEngine/test_input_regex_file.test_all_substrings1</FullName>
			<FullCommandLine>/home/nicovsj/repos/research/REmatch-org/REmatch/REmatchEngine/build/Debug/bin/rematch_test "--run_test=test_input_regex_file/_0" "--catch_system_error=yes"</FullCommandLine>
			<Results>
				<NamedMeasurement type="text/string" name="Exit Code">
					<Value>Failed</Value>
				</NamedMeasurement>
				<NamedMeasurement type="text/string" name="Exit Value">
					<Value>201</Value>
				</NamedMeasurement>
				<NamedMeasurement type="numeric/double" name="Execution Time">
					<Value>0.0468806</Value>
				</NamedMeasurement>
				<NamedMeasurement type="numeric/double" name="Processors">
					<Value>1</Value>
				</NamedMeasurement>
				<NamedMeasurement type="text/string" name="Completion Status">
					<Value>Completed</Value>
				</NamedMeasurement>
				<NamedMeasurement type="text/string" name="Command Line">
					<Value>/home/nicovsj/repos/research/REmatch-org/REmatch/REmatchEngine/build/Debug/bin/rematch_test "--run_test=test_input_regex_file/_0" "--catch_system_error=yes"</Value>
				</NamedMeasurement>
				<NamedMeasurement type="text/string" name="Environment">
					<Value>#CTEST_RESOURCE_GROUP_COUNT=</Value>
				</NamedMeasurement>
				<Measurement>
					<Value encoding="base64" compression="gzip">eJyFUT1rwzAQ3f0XshweShuKEzcfEJsUOrRbl64ZhCKdY4EsGemUONAfX8lJTbcKIZ5O7+6d3n0FY5Q5QQmEnkBwj0VRZEWxiDuF/HgWou8fy+32qYLZYV2vynq96xpOXAM6Z10FykCemEyZPhBzeMKBNUrjgi3zCt6HHgWhBN9zY9B5kBaMJeg4iRYuilo4qTOaiZB9cKWDQ7BCBOdiapTg0Fit7SW1LKwhHKjKIK5ROr5JdLC/3bjWzIejJxfZvqxhJL5JqUhZEzs/cx3Qw1VhTJNwvAK1CJjCnNKfhv338nn7Cg8JlRN6mdBqQusJbSIalT6V96nPf2Vmh2W92iVHs2x2KO/uzufzOJXmboKKhiHdLIw+pArjwDorg0bIb65zI5m0gpFlvzbm2Z/yP7EOoXs=</Value>
				</Measurement>
			</Results>
		</Test>
		<Test Status="failed">
			<Name>test_input_regex_file.test_all_substrings3</Name>
			<Path>/home/nicovsj/repos/research/REmatch-org/REmatch/REmatchEngine</Path>
			<FullName>/home/nicovsj/repos/research/REmatch-org/REmatch/REmatchEngine/test_input_regex_file.test_all_substrings3</FullName>
			<FullCommandLine>/home/nicovsj/repos/research/REmatch-org/REmatch/REmatchEngine/build/Debug/bin/rematch_test "--run_test=test_input_regex_file/_2" "--catch_system_error=yes"</FullCommandLine>
			<Results>
				<NamedMeasurement type="text/string" name="Exit Code">
					<Value>Failed</Value>
				</NamedMeasurement>
				<NamedMeasurement type="text/string" name="Exit Value">
					<Value>201</Value>
				</NamedMeasurement>
				<NamedMeasurement type="numeric/double" name="Execution Time">
					<Value>0.0394674</Value>
				</NamedMeasurement>
				<NamedMeasurement type="numeric/double" name="Processors">
					<Value>1</Value>
				</NamedMeasurement>
				<NamedMeasurement type="text/string" name="Completion Status">
					<Value>Completed</Value>
				</NamedMeasurement>
				<NamedMeasurement type="text/string" name="Command Line">
					<Value>/home/nicovsj/repos/research/REmatch-org/REmatch/REmatchEngine/build/Debug/bin/rematch_test "--run_test=test_input_regex_file/_2" "--catch_system_error=yes"</Value>
				</NamedMeasurement>
				<NamedMeasurement type="text/string" name="Environment">
					<Value>#CTEST_RESOURCE_GROUP_COUNT=</Value>
				</NamedMeasurement>
				<Measurement>
					<Value encoding="base64" compression="gzip">eJyFUbFuwyAQ3f0LWU4eqjaqnDh2I8VWKnVoty5dMyAC5wSJgAVH4kj9+IKTWt2KEHoc7+4d776CMcocoARCTyC4x6IosqJYxJ1CfjwL0feP5Xr91MBsV7dV2dabU8eJa0DnrGtAGcgTkynTB2IODziwTmlcsFXewPvQoyCU4HtuDDoP0oKxBCdO4ggXRUc4qDOaiZB9cKWDQ7BCBOdiapTg0Fmt7SW1LKwhHKjJIK5ROr5JdLC93bjWzIe9JxfZvmphJL5JqUhZEzs/cx3Qw1VhTJOwvwIdETCFOaU/Ddvv5fP6FR4SKie0mlA1oXpCLxGNSp/K+9TnvzKz3bKtNsnRLJvtyru78/k8TqW7m6CiYUg3C6MPqcI4sJOVQSPkN9e5kUxawciyXxvz7E/5H7YsoX8=</Value>
				</Measurement>
			</Results>
		</Test>
		<Test Status="failed">
			<Name>test_input_regex_file.test_all_substrings2</Name>
			<Path>/home/nicovsj/repos/research/REmatch-org/REmatch/REmatchEngine</Path>
			<FullName>/home/nicovsj/repos/research/REmatch-org/REmatch/REmatchEngine/test_input_regex_file.test_all_substrings2</FullName>
			<FullCommandLine>/home/nicovsj/repos/research/REmatch-org/REmatch/REmatchEngine/build/Debug/bin/rematch_test "--run_test=test_input_regex_file/_1" "--catch_system_error=yes"</FullCommandLine>
			<Results>
				<NamedMeasurement type="text/string" name="Exit Code">
					<Value>Failed</Value>
				</NamedMeasurement>
				<NamedMeasurement type="text/string" name="Exit Value">
					<Value>201</Value>
				</NamedMeasurement>
				<NamedMeasurement type="numeric/double" name="Execution Time">
					<Value>0.0558287</Value>
				</NamedMeasurement>
				<NamedMeasurement type="numeric/double" name="Processors">
					<Value>1</Value>
				</NamedMeasurement>
				<NamedMeasurement type="text/string" name="Completion Status">
					<Value>Completed</Value>
				</NamedMeasurement>
				<NamedMeasurement type="text/string" name="Command Line">
					<Value>/home/nicovsj/repos/research/REmatch-org/REmatch/REmatchEngine/build/Debug/bin/rematch_test "--run_test=test_input_regex_file/_1" "--catch_system_error=yes"</Value>
				</NamedMeasurement>
				<NamedMeasurement type="text/string" name="Environment">
					<Value>#CTEST_RESOURCE_GROUP_COUNT=</Value>
				</NamedMeasurement>
				<Measurement>
					<Value encoding="base64" compression="gzip">eJyFUbFuwyAQ3f0LWU4eqjaqnDhJI8VWKnVoty5dMyAC5xgJgwVH4kj9+IKTWt2KEHoc7+4d776CMcqcoARCTyC4x6IosqJYxJ1CfjwL0feP5Xb7VMHssKnXZb3ZdQ0nrgGds64CZSBPTKZMH4g5POHAGqVxwcq8gvehR0EowffcGHQepAVjCTpOooWLohZO6oxmImQfXOngEKwQwbmYGiU4NFZre0ktC2sIB6oyiGuUjm8SHexvN6418+HoyUW2X9UwEt+kVKSsiZ2fuQ7o4aowpkk4XoFaBExhTulPw/57+bx9hYeEygmtJrSe0GZCLxGNSp/K+9TnvzKzw7Je75KjWTY7lHd35/N5nEpzN0FFw5BuFkYfUoVxYJ2VQSPkN9e5kUxawciyXxvz7E/5H7OdoX0=</Value>
				</Measurement>
			</Results>
		</Test>
		<Test Status="failed">
			<Name>test_input_regex_file.test_all_substrings4</Name>
			<Path>/home/nicovsj/repos/research/REmatch-org/REmatch/REmatchEngine</Path>
			<FullName>/home/nicovsj/repos/research/REmatch-org/REmatch/REmatchEngine/test_input_regex_file.test_all_substrings4</FullName>
			<FullCommandLine>/home/nicovsj/repos/research/REmatch-org/REmatch/REmatchEngine/build/Debug/bin/rematch_test "--run_test=test_input_regex_file/_3" "--catch_system_error=yes"</FullCommandLine>
			<Results>
				<NamedMeasurement type="text/string" name="Exit Code">
					<Value>Failed</Value>
				</NamedMeasurement>
				<NamedMeasurement type="text/string" name="Exit Value">
					<Value>201</Value>
				</NamedMeasurement>
				<NamedMeasurement type="numeric/double" name="Execution Time">
					<Value>0.0499786</Value>
				</NamedMeasurement>
				<NamedMeasurement type="numeric/double" name="Processors">
					<Value>1</Value>
				</NamedMeasurement>
				<NamedMeasurement type="text/string" name="Completion Status">
					<Value>Completed</Value>
				</NamedMeasurement>
				<NamedMeasurement type="text/string" name="Command Line">
					<Value>/home/nicovsj/repos/research/REmatch-org/REmatch/REmatchEngine/build/Debug/bin/rematch_test "--run_test=test_input_regex_file/_3" "--catch_system_error=yes"</Value>
				</NamedMeasurement>
				<NamedMeasurement type="text/string" name="Environment">
					<Value>#CTEST_RESOURCE_GROUP_COUNT=</Value>
				</NamedMeasurement>
				<Measurement>
					<Value encoding="base64" compression="gzip">eJyFUbFuwyAQ3f0LWU4eqjaqnLh2IsVWKnVoty5dMyAC5wSJgAVH4kj9+IKTWt2KEHoc7+4d776CMcocoARCTyC4x6IosqJYxJ1CfjwL0feP5Xr91MBsV7dV2dabU8eJa0DnrGtAGcgTkynTB2IODziwTmlcsCpv4H3oURBK8D03Bp0HacFYghMncYSLoiMc1BnNRMg+uNLBIVghgnMxNUpw6KzW9pJaFtYQDtRkENcoHd8kOtjeblxr5sPek4tsX7cwEt+kVKSsiZ2fuQ7o4aowpknYX4GOCJjCnNKfhu338nn9Cg8JlRN6mVA1oXpCq4hGpU/lferzX5nZbtlWm+Rols125d3d+Xwep9LdTVDRMKSbhdGHVGEc2MnKoBHym+vcSCatYGTZr4159qf8D7i7oYE=</Value>
				</Measurement>
			</Results>
		</Test>
		<Test Status="failed">
			<Name>test_input_regex_file.test_disjunction_of_equal_re1</Name>
			<Path>/home/nicovsj/repos/research/REmatch-org/REmatch/REmatchEngine</Path>
			<FullName>/home/nicovsj/repos/research/REmatch-org/REmatch/REmatchEngine/test_input_regex_file.test_disjunction_of_equal_re1</FullName>
			<FullCommandLine>/home/nicovsj/repos/research/REmatch-org/REmatch/REmatchEngine/build/Debug/bin/rematch_test "--run_test=test_input_regex_file/_30" "--catch_system_error=yes"</FullCommandLine>
			<Results>
				<NamedMeasurement type="text/string" name="Exit Code">
					<Value>Failed</Value>
				</NamedMeasurement>
				<NamedMeasurement type="text/string" name="Exit Value">
					<Value>201</Value>
				</NamedMeasurement>
				<NamedMeasurement type="numeric/double" name="Execution Time">
					<Value>0.0508674</Value>
				</NamedMeasurement>
				<NamedMeasurement type="numeric/double" name="Processors">
					<Value>1</Value>
				</NamedMeasurement>
				<NamedMeasurement type="text/string" name="Completion Status">
					<Value>Completed</Value>
				</NamedMeasurement>
				<NamedMeasurement type="text/string" name="Command Line">
					<Value>/home/nicovsj/repos/research/REmatch-org/REmatch/REmatchEngine/build/Debug/bin/rematch_test "--run_test=test_input_regex_file/_30" "--catch_system_error=yes"</Value>
				</NamedMeasurement>
				<NamedMeasurement type="text/string" name="Environment">
					<Value>#CTEST_RESOURCE_GROUP_COUNT=</Value>
				</NamedMeasurement>
				<Measurement>
					<Value encoding="base64" compression="gzip">eJyNkbFuwyAQhne/QpaTpzaKHKNEkWIrkTq0W5euGRCFs0NFwIUjcaQ+fMFJq45FCIk7/rv7P96itdr2wIAwEEgRsKqqoqqWaedQmM5KDsMD22weG5gd1u2KtevtqRMkDKD3zjegLZT5Jdd2iMQ99jjyThtc8lVdNvA8DigJFYRBWIs+gHJgHcFJkDzCRdMRen1G+/ugeBHaRI/gpIzeJ2nqIaBzxrhLnlk6SzhSU0BaU++UU+hhd7spHT6ilaSd5a7j+BmFSYOxFibFk1I655KHszARA1w1Jr2C9yvQEQFzWFB2N+6+GFswtp+UrzqEPMB/ZPWi3s8OdbvaZmRFMTuwO775fJ6wd3eTOgFBuiFKPnOh6UdOTkWDUN6wCqu4cpKT4z+YyuJP+W8wjpuU====</Value>
				</Measurement>
			</Results>
		</Test>
		<Test Status="failed">
			<Name>test_input_regex_file.test_disjunction_of_equal_re2</Name>
			<Path>/home/nicovsj/repos/research/REmatch-org/REmatch/REmatchEngine</Path>
			<FullName>/home/nicovsj/repos/research/REmatch-org/REmatch/REmatchEngine/test_input_regex_file.test_disjunction_of_equal_re2</FullName>
			<FullCommandLine>/home/nicovsj/repos/research/REmatch-org/REmatch/REmatchEngine/build/Debug/bin/rematch_test "--run_test=test_input_regex_file/_31" "--catch_system_error=yes"</FullCommandLine>
			<Results>
				<NamedMeasurement type="text/string" name="Exit Code">
					<Value>Failed</Value>
				</NamedMeasurement>
				<NamedMeasurement type="text/string" name="Exit Value">
					<Value>201</Value>
				</NamedMeasurement>
				<NamedMeasurement type="numeric/double" name="Execution Time">
					<Value>0.0646215</Value>
				</NamedMeasurement>
				<NamedMeasurement type="numeric/double" name="Processors">
					<Value>1</Value>
				</NamedMeasurement>
				<NamedMeasurement type="text/string" name="Completion Status">
					<Value>Completed</Value>
				</NamedMeasurement>
				<NamedMeasurement type="text/string" name="Command Line">
					<Value>/home/nicovsj/repos/research/REmatch-org/REmatch/REmatchEngine/build/Debug/bin/rematch_test "--run_test=test_input_regex_file/_31" "--catch_system_error=yes"</Value>
				</NamedMeasurement>
				<NamedMeasurement type="text/string" name="Environment">
					<Value>#CTEST_RESOURCE_GROUP_COUNT=</Value>
				</NamedMeasurement>
				<Measurement>
					<Value encoding="base64" compression="gzip">eJyNkcFuAiEQhu/7Cl4me2qNWaUaE3ejSQ/trZdePRAKsysGYQuDrkkfvrDapscSQsIM/8z8H+/RWm07YEAYCKQIWFVVUVXztHMojGcl+/6BrdePNUz2q2bJmtXm1AoSBtB752vQFsr8kmvbR+IeOxx4qw3O+ZKVNbwMPUpCBaEX1qIPoBxYR3ASJA9w0XSATp/R/j4oXoU20SM4KaP3SZp6CGidMe6SZ5bOEg5UF5DW2DvlFHrY3m5Kh2O0krSz3LUcP6MwabCnBkbFs1I655KHszARA1w1Jr2CjyvQAQFzWFB2N2y/GJsxthuVbzqEPMB/ZIvZYjfZL5rlJiMrisme3fFNp9OEvb2b1AkI0g1R8pkLjT9ycioahPKGVVjFlZOcHP/BVBZ/yn8DMtSblg==</Value>
				</Measurement>
			</Results>
		</Test>
		<Test Status="failed">
			<Name>test_input_regex_file.test_disjunction_of_equal_re3</Name>
			<Path>/home/nicovsj/repos/research/REmatch-org/REmatch/REmatchEngine</Path>
			<FullName>/home/nicovsj/repos/research/REmatch-org/REmatch/REmatchEngine/test_input_regex_file.test_disjunction_of_equal_re3</FullName>
			<FullCommandLine>/home/nicovsj/repos/research/REmatch-org/REmatch/REmatchEngine/build/Debug/bin/rematch_test "--run_test=test_input_regex_file/_32" "--catch_system_error=yes"</FullCommandLine>
			<Results>
				<NamedMeasurement type="text/string" name="Exit Code">
					<Value>Failed</Value>
				</NamedMeasurement>
				<NamedMeasurement type="text/string" name="Exit Value">
					<Value>201</Value>
				</NamedMeasurement>
				<NamedMeasurement type="numeric/double" name="Execution Time">
					<Value>0.0648793</Value>
				</NamedMeasurement>
				<NamedMeasurement type="numeric/double" name="Processors">
					<Value>1</Value>
				</NamedMeasurement>
				<NamedMeasurement type="text/string" name="Completion Status">
					<Value>Completed</Value>
				</NamedMeasurement>
				<NamedMeasurement type="text/string" name="Command Line">
					<Value>/home/nicovsj/repos/research/REmatch-org/REmatch/REmatchEngine/build/Debug/bin/rematch_test "--run_test=test_input_regex_file/_32" "--catch_system_error=yes"</Value>
				</NamedMeasurement>
				<NamedMeasurement type="text/string" name="Environment">
					<Value>#CTEST_RESOURCE_GROUP_COUNT=</Value>
				</NamedMeasurement>
				<Measurement>
					<Value encoding="base64" compression="gzip">eJyNkcFuAiEQhu/7Cl4me2qNWaVrTNyNJj20t1569UAozCoGYQuDrkkfvrDapscSQsIM/8z8H+/RWm33wIAwEEgRsKqqoqrmaedQGM9K9v0DW60eG5jslm3N2uX61AkSBtB75xvQFsr8kmvbR+Ie9zjwThuc8/qpbOBl6FESKgi9sBZ9AOXAOoKTIHmAi6YD7PUZ7e+D4lVoEz2CkzJ6n6Sph4DOGeMueWbpLOFATQFpjb1TTqGHze2mdDhGK0k7y13H8TMKkwarWxgVz0rpnEsezsJEDHDVmPQKPq5ABwTMYUHZ3bD5YmzG2HZUvukQ8gD/kS1mi+1kt2jrdUZWFJMdu+ObTqcJe3c3qRMQpBui5DMXGn/k5FQ0COUNq7CKKyc5Of6DqSz+lP8GNRqbmA==</Value>
				</Measurement>
			</Results>
		</Test>
		<Test Status="failed">
			<Name>test_input_regex_file.test_disjunction_of_equal_re4</Name>
			<Path>/home/nicovsj/repos/research/REmatch-org/REmatch/REmatchEngine</Path>
			<FullName>/home/nicovsj/repos/research/REmatch-org/REmatch/REmatchEngine/test_input_regex_file.test_disjunction_of_equal_re4</FullName>
			<FullCommandLine>/home/nicovsj/repos/research/REmatch-org/REmatch/REmatchEngine/build/Debug/bin/rematch_test "--run_test=test_input_regex_file/_33" "--catch_system_error=yes"</FullCommandLine>
			<Results>
				<NamedMeasurement type="text/string" name="Exit Code">
					<Value>Failed</Value>
				</NamedMeasurement>
				<NamedMeasurement type="text/string" name="Exit Value">
					<Value>201</Value>
				</NamedMeasurement>
				<NamedMeasurement type="numeric/double" name="Execution Time">
					<Value>0.0616251</Value>
				</NamedMeasurement>
				<NamedMeasurement type="numeric/double" name="Processors">
					<Value>1</Value>
				</NamedMeasurement>
				<NamedMeasurement type="text/string" name="Completion Status">
					<Value>Completed</Value>
				</NamedMeasurement>
				<NamedMeasurement type="text/string" name="Command Line">
					<Value>/home/nicovsj/repos/research/REmatch-org/REmatch/REmatchEngine/build/Debug/bin/rematch_test "--run_test=test_input_regex_file/_33" "--catch_system_error=yes"</Value>
				</NamedMeasurement>
				<NamedMeasurement type="text/string" name="Environment">
					<Value>#CTEST_RESOURCE_GROUP_COUNT=</Value>
				</NamedMeasurement>
				<Measurement>
					<Value encoding="base64" compression="gzip">eJyNkcFuwyAMhu95hV6sHKatqtKyVJWaqJV22G677NoDYuC0TBQyMG0q7eEH6VbtOISQsf1j8/ktWqvtHhgQBgIpAlZVVVTVPO3sCuNZyb6/Z6vVQwOT3bKtWbtcHztBwgB673wD2kKZM7m2fSTucY8D77TBOa/rsoHnoUdJqCD0wlr0AZQD6wiOguQBzpoOsNcntLeE4kVoEz2CkzJ6n6SphoDOGePOuWfpLOFATQFpjbVTTKGHzfWmdPiIVpJ2lruO42cUJjW2bGFUPCmlcyz94SRMxAAXjUmv4P0CdEDA7BaUfzdsvhibMbYdla86hNzAf2SL2WILd1eL3azHm1VvJ7tFW68z0KKY7NgP3Ol0mobS/SDQCRfSFWCikMuM8zo6FQ1CeYUurOLKSU6O/0Isiz/PfwP3BaLD====</Value>
				</Measurement>
			</Results>
		</Test>
		<Test Status="failed">
			<Name>test_input_regex_file.test_disjunction_of_equal_re5</Name>
			<Path>/home/nicovsj/repos/research/REmatch-org/REmatch/REmatchEngine</Path>
			<FullName>/home/nicovsj/repos/research/REmatch-org/REmatch/REmatchEngine/test_input_regex_file.test_disjunction_of_equal_re5</FullName>
			<FullCommandLine>/home/nicovsj/repos/research/REmatch-org/REmatch/REmatchEngine/build/Debug/bin/rematch_test "--run_test=test_input_regex_file/_34" "--catch_system_error=yes"</FullCommandLine>
			<Results>
				<NamedMeasurement type="text/string" name="Exit Code">
					<Value>Failed</Value>
				</NamedMeasurement>
				<NamedMeasurement type="text/string" name="Exit Value">
					<Value>201</Value>
				</NamedMeasurement>
				<NamedMeasurement type="numeric/double" name="Execution Time">
					<Value>0.0720987</Value>
				</NamedMeasurement>
				<NamedMeasurement type="numeric/double" name="Processors">
					<Value>1</Value>
				</NamedMeasurement>
				<NamedMeasurement type="text/string" name="Completion Status">
					<Value>Completed</Value>
				</NamedMeasurement>
				<NamedMeasurement type="text/string" name="Command Line">
					<Value>/home/nicovsj/repos/research/REmatch-org/REmatch/REmatchEngine/build/Debug/bin/rematch_test "--run_test=test_input_regex_file/_34" "--catch_system_error=yes"</Value>
				</NamedMeasurement>
				<NamedMeasurement type="text/string" name="Environment">
					<Value>#CTEST_RESOURCE_GROUP_COUNT=</Value>
				</NamedMeasurement>
				<Measurement>
					<Value encoding="base64" compression="gzip">eJyNkcFuwyAMhu95hV6sHKatqtKydJWaqJV22G677NoDYuC0TBQycNpU2sMPkq7acQghY/vH5vN7Z622e2BAGAikCFgURVYU87iTKwxnIdv2nq1WDxVMdsu6ZPVyfWwECQPovfMVaAt5yuTath1xj3vseaMNznm5zCt46VuUhApCK6xFH0A5sI7gKEge4KzpAHt9QntLyF6FNp1HcFJ23kdprCGgcca4c+pZOkvYU5VBXEPtGFPoYTPelA6fnZWkneWu4fjVCRMbe6phUDwrpVMs/uEkTIcBLhqjXsHHBeiAgMktKP2u33wzNmNsOyjfdAipgf/IFrPFFu5Gi92sx5tVbie7RV2uE9Asm+zYFe50Oo1Daa4IdMSFNAKMFFKZYV5HpzqDkI/QhVVcOcnJ8V+Iefbn+R/5h6LF====</Value>
				</Measurement>
			</Results>
		</Test>
		<Test Status="failed">
			<Name>test_input_regex_file.test_disjunction_of_equal_re6</Name>
			<Path>/home/nicovsj/repos/research/REmatch-org/REmatch/REmatchEngine</Path>
			<FullName>/home/nicovsj/repos/research/REmatch-org/REmatch/REmatchEngine/test_input_regex_file.test_disjunction_of_equal_re6</FullName>
			<FullCommandLine>/home/nicovsj/repos/research/REmatch-org/REmatch/REmatchEngine/build/Debug/bin/rematch_test "--run_test=test_input_regex_file/_35" "--catch_system_error=yes"</FullCommandLine>
			<Results>
				<NamedMeasurement type="text/string" name="Exit Code">
					<Value>Failed</Value>
				</NamedMeasurement>
				<NamedMeasurement type="text/string" name="Exit Value">
					<Value>201</Value>
				</NamedMeasurement>
				<NamedMeasurement type="numeric/double" name="Execution Time">
					<Value>0.0795153</Value>
				</NamedMeasurement>
				<NamedMeasurement type="numeric/double" name="Processors">
					<Value>1</Value>
				</NamedMeasurement>
				<NamedMeasurement type="text/string" name="Completion Status">
					<Value>Completed</Value>
				</NamedMeasurement>
				<NamedMeasurement type="text/string" name="Command Line">
					<Value>/home/nicovsj/repos/research/REmatch-org/REmatch/REmatchEngine/build/Debug/bin/rematch_test "--run_test=test_input_regex_file/_35" "--catch_system_error=yes"</Value>
				</NamedMeasurement>
				<NamedMeasurement type="text/string" name="Environment">
					<Value>#CTEST_RESOURCE_GROUP_COUNT=</Value>
				</NamedMeasurement>
				<Measurement>
					<Value encoding="base64" compression="gzip">eJyNkcFuwyAMhu95hV6sHKatqtKydJWaqJV22G677NoDYuC0TClkYNpU2sMPkq7acQghY/vH5vN7MEabPTAg9ARSeCyKIiuKedzJ5YezkF13z1arhwomu2Vdsnq5PjaCRAvonHUVaAN5yuTadIG4wz32vNEtznn5lFfw0ncoCRX4ThiDzoOyYCzBUZA8wFnTAfb6hOaWkL0K3QaHYKUMzkVprCGgsW1rz6lnaQ1hT1UGcQ21Y0yhg814U9p/BiNJW8Ntw/EriDY2tqphUDwrpVMs/uEk2oAeLhqjXsHHBeiAgMktKP2u33wzNmNsOyjftPepgf/IFrPFFu5Gi92sx5tVbie7RV2uE9Asm+zYFe50Oo1Daa4IdMSFNAKMFFKZYV5Hq0KLkI/QhVFcWcnJ8l+Iefbn+R/8CaLH====</Value>
				</Measurement>
			</Results>
		</Test>
		<Test Status="failed">
			<Name>test_input_regex_file.test_disjunction_of_equal_vars1</Name>
			<Path>/home/nicovsj/repos/research/REmatch-org/REmatch/REmatchEngine</Path>
			<FullName>/home/nicovsj/repos/research/REmatch-org/REmatch/REmatchEngine/test_input_regex_file.test_disjunction_of_equal_vars1</FullName>
			<FullCommandLine>/home/nicovsj/repos/research/REmatch-org/REmatch/REmatchEngine/build/Debug/bin/rematch_test "--run_test=test_input_regex_file/_36" "--catch_system_error=yes"</FullCommandLine>
			<Results>
				<NamedMeasurement type="text/string" name="Exit Code">
					<Value>Failed</Value>
				</NamedMeasurement>
				<NamedMeasurement type="text/string" name="Exit Value">
					<Value>201</Value>
				</NamedMeasurement>
				<NamedMeasurement type="numeric/double" name="Execution Time">
					<Value>0.0740093</Value>
				</NamedMeasurement>
				<NamedMeasurement type="numeric/double" name="Processors">
					<Value>1</Value>
				</NamedMeasurement>
				<NamedMeasurement type="text/string" name="Completion Status">
					<Value>Completed</Value>
				</NamedMeasurement>
				<NamedMeasurement type="text/string" name="Command Line">
					<Value>/home/nicovsj/repos/research/REmatch-org/REmatch/REmatchEngine/build/Debug/bin/rematch_test "--run_test=test_input_regex_file/_36" "--catch_system_error=yes"</Value>
				</NamedMeasurement>
				<NamedMeasurement type="text/string" name="Environment">
					<Value>#CTEST_RESOURCE_GROUP_COUNT=</Value>
				</NamedMeasurement>
				<Measurement>
					<Value encoding="base64" compression="gzip">eJyNkbFuwyAQhne/QpaTpzaKHKNEkWIrkTq0W5euGRCFc0JFwIXDcaQ+fMFJq45FCIk7/rv7P96itdoegQFhIJAiYFVVRVUt086hMJ2V7PsHttk8NjA7rNsVa9fbcydIGEDvnW9AWyjzS65tH4l7POLIO21wyVebsoHnsUdJqCD0wlr0AZQD6wjOguQJLppOcNQD2t8HxYvQJnoEJ2X0PklTDwGdM8Zd8szSWcKRmgLSmnqnnEIPu9tN6fARrSTtLHcdx88oDB+ED6yFSfOklM7Z5GIQJmKAq8ZUQcH7FeiEgDksKPsbd1+MLRjbT8pXHUIe4T+yelHvZ4e6XW0ztKKYHdgd4Hw+T+C7u02dkCDdICWnudD0J2enokEob2CFVVw5ycnxH1Bl8af8N6k2nH8=</Value>
				</Measurement>
			</Results>
		</Test>
		<Test Status="failed">
			<Name>test_input_regex_file.test_disjunction_of_equal_vars2</Name>
			<Path>/home/nicovsj/repos/research/REmatch-org/REmatch/REmatchEngine</Path>
			<FullName>/home/nicovsj/repos/research/REmatch-org/REmatch/REmatchEngine/test_input_regex_file.test_disjunction_of_equal_vars2</FullName>
			<FullCommandLine>/home/nicovsj/repos/research/REmatch-org/REmatch/REmatchEngine/build/Debug/bin/rematch_test "--run_test=test_input_regex_file/_37" "--catch_system_error=yes"</FullCommandLine>
			<Results>
				<NamedMeasurement type="text/string" name="Exit Code">
					<Value>Failed</Value>
				</NamedMeasurement>
				<NamedMeasurement type="text/string" name="Exit Value">
					<Value>201</Value>
				</NamedMeasurement>
				<NamedMeasurement type="numeric/double" name="Execution Time">
					<Value>0.0699113</Value>
				</NamedMeasurement>
				<NamedMeasurement type="numeric/double" name="Processors">
					<Value>1</Value>
				</NamedMeasurement>
				<NamedMeasurement type="text/string" name="Completion Status">
					<Value>Completed</Value>
				</NamedMeasurement>
				<NamedMeasurement type="text/string" name="Command Line">
					<Value>/home/nicovsj/repos/research/REmatch-org/REmatch/REmatchEngine/build/Debug/bin/rematch_test "--run_test=test_input_regex_file/_37" "--catch_system_error=yes"</Value>
				</NamedMeasurement>
				<NamedMeasurement type="text/string" name="Environment">
					<Value>#CTEST_RESOURCE_GROUP_COUNT=</Value>
				</NamedMeasurement>
				<Measurement>
					<Value encoding="base64" compression="gzip">eJyNkbFuwyAQhne/QpaTpzaKnNBEqWIrkTq0W5euGRCFs0NFwIUjcaQ+fMFJq45FCIk7/rv7P96itdp2wIAwEEgRsKqqoqrmaedQGM9K9v0dW6/va5jsV82SNavNsRUkDKD3ztegLZT5Jde2j8Q9djjwVhuc8+VjWcPz0KMkVBB6YS36AMqBdQRHQfIAZ00H6PQJ7e+D4kVoEz2CkzJ6n6Sph4DWGePOeWbpLOFAdQFpjb1TTqGH7fWmdPiIVpJ2lruW42cUhp+EDw8NjJonpXTOJhcnYSIGuGhMFRS8X4AOCJjDgrK/YfvF2Iyx3ah81SHkEf4jW8wWu8l+0Sw3GVpRTPbsBnA6nSbw7c2mTkiQrpCS01xo/JOjU9EglFewwiqunOTk+A+osvhT/hurfpyB====</Value>
				</Measurement>
			</Results>
		</Test>
		<Test Status="failed">
			<Name>test_input_regex_file.test_disjunction_of_equal_vars3</Name>
			<Path>/home/nicovsj/repos/research/REmatch-org/REmatch/REmatchEngine</Path>
			<FullName>/home/nicovsj/repos/research/REmatch-org/REmatch/REmatchEngine/test_input_regex_file.test_disjunction_of_equal_vars3</FullName>
			<FullCommandLine>/home/nicovsj/repos/research/REmatch-org/REmatch/REmatchEngine/build/Debug/bin/rematch_test "--run_test=test_input_regex_file/_38" "--catch_system_error=yes"</FullCommandLine>
			<Results>
				<NamedMeasurement type="text/string" name="Exit Code">
					<Value>Failed</Value>
				</NamedMeasurement>
				<NamedMeasurement type="text/string" name="Exit Value">
					<Value>201</Value>
				</NamedMeasurement>
				<NamedMeasurement type="numeric/double" name="Execution Time">
					<Value>0.0742527</Value>
				</NamedMeasurement>
				<NamedMeasurement type="numeric/double" name="Processors">
					<Value>1</Value>
				</NamedMeasurement>
				<NamedMeasurement type="text/string" name="Completion Status">
					<Value>Completed</Value>
				</NamedMeasurement>
				<NamedMeasurement type="text/string" name="Command Line">
					<Value>/home/nicovsj/repos/research/REmatch-org/REmatch/REmatchEngine/build/Debug/bin/rematch_test "--run_test=test_input_regex_file/_38" "--catch_system_error=yes"</Value>
				</NamedMeasurement>
				<NamedMeasurement type="text/string" name="Environment">
					<Value>#CTEST_RESOURCE_GROUP_COUNT=</Value>
				</NamedMeasurement>
				<Measurement>
					<Value encoding="base64" compression="gzip">eJyNkcFuAiEQhu/7Cl4me2qNWSVrjO5Gkx7aWy+9eiAUZpUGYQuDrkkfvrDapscSQsIM/8z8H2/RWm0PwIAwEEgRsKqqoqrmaedQGM9K9v0DW60eG5jsl23N2uXm1AkSBtB75xvQFsr8kmvbR+IeDzjwThuc83pdNvA89CgJFYReWIs+gHJgHcFJkDzCRdMRDvqM9vdB8SK0iR7BSRm9T9LUQ0DnjHGXPLN0lnCgpoC0xt4pp9DD9nZTOnxEK0k7y13H8TMKw8/Ch7qFUfOklM7Z5OIsTMQAV42pgoL3K9ARAXNYUPY3bL8YmzG2G5WvOoQ8wn9ki9liN9kv2nqToRXFZM/uAKfTaQLf3W3qhATpBik5zYXGPzk5FQ1CeQMrrOLKSU6O/4Aqiz/lvwGtxpyD====</Value>
				</Measurement>
			</Results>
		</Test>
		<Test Status="failed">
			<Name>test_input_regex_file.test_disjunction_of_equal_vars4</Name>
			<Path>/home/nicovsj/repos/research/REmatch-org/REmatch/REmatchEngine</Path>
			<FullName>/home/nicovsj/repos/research/REmatch-org/REmatch/REmatchEngine/test_input_regex_file.test_disjunction_of_equal_vars4</FullName>
			<FullCommandLine>/home/nicovsj/repos/research/REmatch-org/REmatch/REmatchEngine/build/Debug/bin/rematch_test "--run_test=test_input_regex_file/_39" "--catch_system_error=yes"</FullCommandLine>
			<Results>
				<NamedMeasurement type="text/string" name="Exit Code">
					<Value>Failed</Value>
				</NamedMeasurement>
				<NamedMeasurement type="text/string" name="Exit Value">
					<Value>201</Value>
				</NamedMeasurement>
				<NamedMeasurement type="numeric/double" name="Execution Time">
					<Value>0.0675804</Value>
				</NamedMeasurement>
				<NamedMeasurement type="numeric/double" name="Processors">
					<Value>1</Value>
				</NamedMeasurement>
				<NamedMeasurement type="text/string" name="Completion Status">
					<Value>Completed</Value>
				</NamedMeasurement>
				<NamedMeasurement type="text/string" name="Command Line">
					<Value>/home/nicovsj/repos/research/REmatch-org/REmatch/REmatchEngine/build/Debug/bin/rematch_test "--run_test=test_input_regex_file/_39" "--catch_system_error=yes"</Value>
				</NamedMeasurement>
				<NamedMeasurement type="text/string" name="Environment">
					<Value>#CTEST_RESOURCE_GROUP_COUNT=</Value>
				</NamedMeasurement>
				<Measurement>
					<Value encoding="base64" compression="gzip">eJyNkb1uwjAQgPe8AsspQ9UiFHBBSCQCqUO7denKYLn2BVwZO7XPEKQ+fO2kRR1rWdb5/u+7t2ittgdgQBgIpAhYVVVRVfN0syoMbyW77p6t1w81TParZsma1ebUChIG0Hvna9AWyuzJte0icY8H7HmrDc75clPW8Nx3KAkVhE5Yiz6AcmAdwUmQPMJF0xEO+oz25lC8CG2iR3BSRu9TaKohoHXGuEvuWTpL2FNdQDpD7WRT6GE7/pQOH9FK0s5y13L8jMLws/Bh1cAQ86SUztY0xVmYiAGuGlMGBe9XoCMCZrWgPF+//WJsxthuiHzVIeQW/hO2mC12cDdK7CY93qTlbrJfNMtNRloUkz37wTudTtNa2h8IOgFDGhEmDrnMsLGTU9EglCN2YRVXTnJy/BdjWfxJ/w2LTKOu====</Value>
				</Measurement>
			</Results>
		</Test>
		<Test Status="failed">
			<Name>test_input_regex_file.test_disjunction_of_equal_vars5</Name>
			<Path>/home/nicovsj/repos/research/REmatch-org/REmatch/REmatchEngine</Path>
			<FullName>/home/nicovsj/repos/research/REmatch-org/REmatch/REmatchEngine/test_input_regex_file.test_disjunction_of_equal_vars5</FullName>
			<FullCommandLine>/home/nicovsj/repos/research/REmatch-org/REmatch/REmatchEngine/build/Debug/bin/rematch_test "--run_test=test_input_regex_file/_40" "--catch_system_error=yes"</FullCommandLine>
			<Results>
				<NamedMeasurement type="text/string" name="Exit Code">
					<Value>Failed</Value>
				</NamedMeasurement>
				<NamedMeasurement type="text/string" name="Exit Value">
					<Value>201</Value>
				</NamedMeasurement>
				<NamedMeasurement type="numeric/double" name="Execution Time">
					<Value>0.0575797</Value>
				</NamedMeasurement>
				<NamedMeasurement type="numeric/double" name="Processors">
					<Value>1</Value>
				</NamedMeasurement>
				<NamedMeasurement type="text/string" name="Completion Status">
					<Value>Completed</Value>
				</NamedMeasurement>
				<NamedMeasurement type="text/string" name="Command Line">
					<Value>/home/nicovsj/repos/research/REmatch-org/REmatch/REmatchEngine/build/Debug/bin/rematch_test "--run_test=test_input_regex_file/_40" "--catch_system_error=yes"</Value>
				</NamedMeasurement>
				<NamedMeasurement type="text/string" name="Environment">
					<Value>#CTEST_RESOURCE_GROUP_COUNT=</Value>
				</NamedMeasurement>
				<Measurement>
					<Value encoding="base64" compression="gzip">eJyNkb1uwjAQgPe8AsspQ9UiFOJCkUgEUod269KVwXLtC7gydmpfIEh9+NoJRR1rWdb5/u+7985abffAgDAQSBGwKIqsKObxJlUY3kK27T1brR4qmOyW9YLVy/WxESQMoPfOV6At5MmTa9t2xD3useeNNjjnyzKv4KVvURIqCK2wFn0A5cA6gqMgeYCzpgPs9QntzSF7Fdp0HsFJ2XkfQ2MNAY0zxp1Tz9JZwp6qDOIZakebQg+b8ad0+OysJO0sdw3Hr04YfhI+PNUwxDwrpZM1TnESpsMAF40xg4KPC9ABAZNaUJqv33wzNmNsO0S+6RBSC/8JK2flFu5Gid2kx5u02E52Zb1YJ6RZNtmxK97pdBrX0lwh6AgMaUQYOaQyw8aOTnUGIR+xC6u4cpKT478Y8+xP+h9/96On====</Value>
				</Measurement>
			</Results>
		</Test>
		<Test Status="failed">
			<Name>test_input_regex_file.test_disjunction_of_equal_vars6</Name>
			<Path>/home/nicovsj/repos/research/REmatch-org/REmatch/REmatchEngine</Path>
			<FullName>/home/nicovsj/repos/research/REmatch-org/REmatch/REmatchEngine/test_input_regex_file.test_disjunction_of_equal_vars6</FullName>
			<FullCommandLine>/home/nicovsj/repos/research/REmatch-org/REmatch/REmatchEngine/build/Debug/bin/rematch_test "--run_test=test_input_regex_file/_41" "--catch_system_error=yes"</FullCommandLine>
			<Results>
				<NamedMeasurement type="text/string" name="Exit Code">
					<Value>Failed</Value>
				</NamedMeasurement>
				<NamedMeasurement type="text/string" name="Exit Value">
					<Value>201</Value>
				</NamedMeasurement>
				<NamedMeasurement type="numeric/double" name="Execution Time">
					<Value>0.0502075</Value>
				</NamedMeasurement>
				<NamedMeasurement type="numeric/double" name="Processors">
					<Value>1</Value>
				</NamedMeasurement>
				<NamedMeasurement type="text/string" name="Completion Status">
					<Value>Completed</Value>
				</NamedMeasurement>
				<NamedMeasurement type="text/string" name="Command Line">
					<Value>/home/nicovsj/repos/research/REmatch-org/REmatch/REmatchEngine/build/Debug/bin/rematch_test "--run_test=test_input_regex_file/_41" "--catch_system_error=yes"</Value>
				</NamedMeasurement>
				<NamedMeasurement type="text/string" name="Environment">
					<Value>#CTEST_RESOURCE_GROUP_COUNT=</Value>
				</NamedMeasurement>
				<Measurement>
					<Value encoding="base64" compression="gzip">eJyNkb1uwjAQgPe8AsspQ9UiFHBBSCQCqUO7denKYLn2BVwZO7XPEKQ+fO2kRR1rWdb5/u+7t2ittgdgQBgIpAhYVVVRVfN0syoMbyW77p6t1w81TParZsma1ebUChIG0Hvna9AWyuzJte0icY8H7HmrDc75ipU1PPcdSkIFoRPWog+gHFhHcBIkj3DRdISDPqO9ORQvQpvoEZyU0fsUmmoIaJ0x7pJ7ls4S9lQXkM5QO9kUetiOP6XDR7SStLPctRw/ozD8LHxYNzDEPCmlszVNcRYmYoCrxpRBwfsV6IiAWS0oz9dvvxibMbYbIl91CLmF/4QtZosd3I0Su0mPN2m5m+wXzXKTkRbFZM9+8E6n07SW9geCTsCQRoSJQy4zbOzkVDQI5YhdWMWVk5wc/8VYFn/SfwOCe6Op====</Value>
				</Measurement>
			</Results>
		</Test>
		<Test Status="failed">
			<Name>test_input_regex_file.test_disjunctive_overlaps1</Name>
			<Path>/home/nicovsj/repos/research/REmatch-org/REmatch/REmatchEngine</Path>
			<FullName>/home/nicovsj/repos/research/REmatch-org/REmatch/REmatchEngine/test_input_regex_file.test_disjunctive_overlaps1</FullName>
			<FullCommandLine>/home/nicovsj/repos/research/REmatch-org/REmatch/REmatchEngine/build/Debug/bin/rematch_test "--run_test=test_input_regex_file/_42" "--catch_system_error=yes"</FullCommandLine>
			<Results>
				<NamedMeasurement type="text/string" name="Exit Code">
					<Value>Failed</Value>
				</NamedMeasurement>
				<NamedMeasurement type="text/string" name="Exit Value">
					<Value>201</Value>
				</NamedMeasurement>
				<NamedMeasurement type="numeric/double" name="Execution Time">
					<Value>0.0469632</Value>
				</NamedMeasurement>
				<NamedMeasurement type="numeric/double" name="Processors">
					<Value>1</Value>
				</NamedMeasurement>
				<NamedMeasurement type="text/string" name="Completion Status">
					<Value>Completed</Value>
				</NamedMeasurement>
				<NamedMeasurement type="text/string" name="Command Line">
					<Value>/home/nicovsj/repos/research/REmatch-org/REmatch/REmatchEngine/build/Debug/bin/rematch_test "--run_test=test_input_regex_file/_42" "--catch_system_error=yes"</Value>
				</NamedMeasurement>
				<NamedMeasurement type="text/string" name="Environment">
					<Value>#CTEST_RESOURCE_GROUP_COUNT=</Value>
				</NamedMeasurement>
				<Measurement>
					<Value encoding="base64" compression="gzip">eJyNkbFuwyAQhne/gpeTpzaKnNBEkWIrkTq0W5euGRCFc0KFwYIjcaQ+fMFJq45FCOmO++/4P96jtdoegQFhIJAiYF3XRV0v0s6pMJ21HIYHttk8NlAe1u2Ktett3wkSBtB75xvQFqpcybUdInGPRxx5pw0u+PqpauBlHFASKgiDsBZ9AOXAOoJekDzBRdMJjvqM9regeBXaRI/gpIzeJ2maIaBzxrhLfrN0lnCkpoC0ptnpTqGH3S1SOnxGKyl15e6M3oghsBam8melNGlnk4GzMBEDXDUmsYKPK9AJAXNaULY27r4YmzO2n5RvOoQ8/T+y5Xy5Lw/LdrXNvIqiPLA7u9lslph3d4c60UC68Ukmc6PpO3qnokGobkyFVVw5ycnxH0ZV8af9N0cAmn8=</Value>
				</Measurement>
			</Results>
		</Test>
		<Test Status="failed">
			<Name>test_input_regex_file.test_disjunctive_overlaps2</Name>
			<Path>/home/nicovsj/repos/research/REmatch-org/REmatch/REmatchEngine</Path>
			<FullName>/home/nicovsj/repos/research/REmatch-org/REmatch/REmatchEngine/test_input_regex_file.test_disjunctive_overlaps2</FullName>
			<FullCommandLine>/home/nicovsj/repos/research/REmatch-org/REmatch/REmatchEngine/build/Debug/bin/rematch_test "--run_test=test_input_regex_file/_43" "--catch_system_error=yes"</FullCommandLine>
			<Results>
				<NamedMeasurement type="text/string" name="Exit Code">
					<Value>Failed</Value>
				</NamedMeasurement>
				<NamedMeasurement type="text/string" name="Exit Value">
					<Value>201</Value>
				</NamedMeasurement>
				<NamedMeasurement type="numeric/double" name="Execution Time">
					<Value>0.0394648</Value>
				</NamedMeasurement>
				<NamedMeasurement type="numeric/double" name="Processors">
					<Value>1</Value>
				</NamedMeasurement>
				<NamedMeasurement type="text/string" name="Completion Status">
					<Value>Completed</Value>
				</NamedMeasurement>
				<NamedMeasurement type="text/string" name="Command Line">
					<Value>/home/nicovsj/repos/research/REmatch-org/REmatch/REmatchEngine/build/Debug/bin/rematch_test "--run_test=test_input_regex_file/_43" "--catch_system_error=yes"</Value>
				</NamedMeasurement>
				<NamedMeasurement type="text/string" name="Environment">
					<Value>#CTEST_RESOURCE_GROUP_COUNT=</Value>
				</NamedMeasurement>
				<Measurement>
					<Value encoding="base64" compression="gzip">eJyNkbFuwyAQhne/gpeTpzaKnNBEkWIrkTq0W5euGRCFc0KFwYIjcaQ+fMFJq45FCOmO++/4P96jtdoegQFhIJAiYF3XRV0v0s6pMJ21HIYHttk8NlAe1u2Ktett3wkSBtB75xvQFqpcybUdInGPRxx5pw0u+HpVNfAyDigJFYRBWIs+gHJgHUEvSJ7goukER31G+1tQvAptokdwUkbvkzTNENA5Y9wlv1k6SzhSU0Ba0+x0p9DD7hYpHT6jlZS6cndGb8QQnlqYyp+V0qSdTQbOwkQMcNWYxAo+rkAnBMxpQdnauPtibM7YflK+6RDy9P/IlvPlvjws29U28yqK8sDu7GazWWLe3R3qRAPpxieZzI2m7+idigahujEVVnHlJCfHfxhVxZ/230lDmoE=</Value>
				</Measurement>
			</Results>
		</Test>
		<Test Status="failed">
			<Name>test_input_regex_file.test_disjunctive_overlaps3</Name>
			<Path>/home/nicovsj/repos/research/REmatch-org/REmatch/REmatchEngine</Path>
			<FullName>/home/nicovsj/repos/research/REmatch-org/REmatch/REmatchEngine/test_input_regex_file.test_disjunctive_overlaps3</FullName>
			<FullCommandLine>/home/nicovsj/repos/research/REmatch-org/REmatch/REmatchEngine/build/Debug/bin/rematch_test "--run_test=test_input_regex_file/_44" "--catch_system_error=yes"</FullCommandLine>
			<Results>
				<NamedMeasurement type="text/string" name="Exit Code">
					<Value>Failed</Value>
				</NamedMeasurement>
				<NamedMeasurement type="text/string" name="Exit Value">
					<Value>201</Value>
				</NamedMeasurement>
				<NamedMeasurement type="numeric/double" name="Execution Time">
					<Value>0.0316579</Value>
				</NamedMeasurement>
				<NamedMeasurement type="numeric/double" name="Processors">
					<Value>1</Value>
				</NamedMeasurement>
				<NamedMeasurement type="text/string" name="Completion Status">
					<Value>Completed</Value>
				</NamedMeasurement>
				<NamedMeasurement type="text/string" name="Command Line">
					<Value>/home/nicovsj/repos/research/REmatch-org/REmatch/REmatchEngine/build/Debug/bin/rematch_test "--run_test=test_input_regex_file/_44" "--catch_system_error=yes"</Value>
				</NamedMeasurement>
				<NamedMeasurement type="text/string" name="Environment">
					<Value>#CTEST_RESOURCE_GROUP_COUNT=</Value>
				</NamedMeasurement>
				<Measurement>
					<Value encoding="base64" compression="gzip">eJyNkbFuwyAQhne/QpaTpzaKnKBYkWIrkTq0W5euGRCFs0NEwIIjcaQ+fMFJq45FCOmO++/4Pz6itdr2wIAwEEgRsKqqoqqWaedUmM5KDsMT22yeG5gd6nbN2np77gQJA+i98w1oC2Wu5NoOkbjHHkfeaYNLXtdlA6/jgJJQQRiEtegDKAfWEZwFySNcNR2h1xe0vwXFm9AmegQnZfQ+SdMMAZ0zxl3zm6WzhCM1BaQ1zU53Cj3s7pHS4RStpNSVuwt6I4awbmEqf1FKk3Y2GbgIEzHATWMSK/i8AR0RMKcFZWvj7ouxBWP7SfmuQ8jT/yNbLVb72WHVrreZV1HMDuzBbj6fJ+bdw6FONJDufJLJ3Gj6jrNT0SCUd6bCKq6c5OT4D6Oy+NP+G0uGmoM=</Value>
				</Measurement>
			</Results>
		</Test>
		<Test Status="failed">
			<Name>test_input_regex_file.test_disjunctive_overlaps4</Name>
			<Path>/home/nicovsj/repos/research/REmatch-org/REmatch/REmatchEngine</Path>
			<FullName>/home/nicovsj/repos/research/REmatch-org/REmatch/REmatchEngine/test_input_regex_file.test_disjunctive_overlaps4</FullName>
			<FullCommandLine>/home/nicovsj/repos/research/REmatch-org/REmatch/REmatchEngine/build/Debug/bin/rematch_test "--run_test=test_input_regex_file/_45" "--catch_system_error=yes"</FullCommandLine>
			<Results>
				<NamedMeasurement type="text/string" name="Exit Code">
					<Value>Failed</Value>
				</NamedMeasurement>
				<NamedMeasurement type="text/string" name="Exit Value">
					<Value>201</Value>
				</NamedMeasurement>
				<NamedMeasurement type="numeric/double" name="Execution Time">
					<Value>0.0367146</Value>
				</NamedMeasurement>
				<NamedMeasurement type="numeric/double" name="Processors">
					<Value>1</Value>
				</NamedMeasurement>
				<NamedMeasurement type="text/string" name="Completion Status">
					<Value>Completed</Value>
				</NamedMeasurement>
				<NamedMeasurement type="text/string" name="Command Line">
					<Value>/home/nicovsj/repos/research/REmatch-org/REmatch/REmatchEngine/build/Debug/bin/rematch_test "--run_test=test_input_regex_file/_45" "--catch_system_error=yes"</Value>
				</NamedMeasurement>
				<NamedMeasurement type="text/string" name="Environment">
					<Value>#CTEST_RESOURCE_GROUP_COUNT=</Value>
				</NamedMeasurement>
				<Measurement>
					<Value encoding="base64" compression="gzip">eJyNUbFuwjAQ3fMLLKcMVYtQwCVFIhFIHdqtS1cGy7Uv4MrYkX2BIPXjaycUdcSyrPP5vXu+d5+dtdrugQFhIJAiYFEUWVHM406pMJyFbNtHtlo9VTDZlfWS1eX62AgSBtB75yvQFvKE5Nq2HXGPe+x5ow3OefmSV/DWtygJFYRWWIs+gHJgHcFRkDzAWdMB9vqE9gbI3oU2nUdwUnbeR2rUENA4Y9w5/Vk6S9hTlUFcg3Z8U+hhM96UDt+dlRSrcndCb0QbyhoG+KtSmrSzsYGTMB0GuGiMZAVfF6ADAqa0oNRav/lhbMbYdmB+6BCS+j20xWyxhYcxYrfo+RYtt5Pdol6uk5tZNtmxq7PT6TROpLn2r6NXSKN70YIkMwzr6FRnEPLRcWEVV05ycvzPwTz7V/4X7Pihrg==</Value>
				</Measurement>
			</Results>
		</Test>
		<Test Status="failed">
			<Name>test_input_regex_file.test_disjunctive_overlaps5</Name>
			<Path>/home/nicovsj/repos/research/REmatch-org/REmatch/REmatchEngine</Path>
			<FullName>/home/nicovsj/repos/research/REmatch-org/REmatch/REmatchEngine/test_input_regex_file.test_disjunctive_overlaps5</FullName>
			<FullCommandLine>/home/nicovsj/repos/research/REmatch-org/REmatch/REmatchEngine/build/Debug/bin/rematch_test "--run_test=test_input_regex_file/_46" "--catch_system_error=yes"</FullCommandLine>
			<Results>
				<NamedMeasurement type="text/string" name="Exit Code">
					<Value>Failed</Value>
				</NamedMeasurement>
				<NamedMeasurement type="text/string" name="Exit Value">
					<Value>201</Value>
				</NamedMeasurement>
				<NamedMeasurement type="numeric/double" name="Execution Time">
					<Value>0.040103</Value>
				</NamedMeasurement>
				<NamedMeasurement type="numeric/double" name="Processors">
					<Value>1</Value>
				</NamedMeasurement>
				<NamedMeasurement type="text/string" name="Completion Status">
					<Value>Completed</Value>
				</NamedMeasurement>
				<NamedMeasurement type="text/string" name="Command Line">
					<Value>/home/nicovsj/repos/research/REmatch-org/REmatch/REmatchEngine/build/Debug/bin/rematch_test "--run_test=test_input_regex_file/_46" "--catch_system_error=yes"</Value>
				</NamedMeasurement>
				<NamedMeasurement type="text/string" name="Environment">
					<Value>#CTEST_RESOURCE_GROUP_COUNT=</Value>
				</NamedMeasurement>
				<Measurement>
					<Value encoding="base64" compression="gzip">eJyNUbFuwyAQ3f0LWU4eqjaKnNCkkWIrkTq0W5euGRCFc0JFwIIjcaR+fMFuo45FCB3He/e4d+/RWm0PwIAwEEgRsKqqoqrmaedUGM5Kdt09W68fapjsV82SNavNqRUkDKD3ztegLZQZybXtInGPB+x5qw3O+Wpd1vDSdygJFYROWIs+gHJgHcFJkDzCRdMRDvqM9gYoXoU20SM4KaP3iZo0BLTOGHfJf5bOEvZUF5DWoJ3eFHrYjjelw2e0klJV7s7ojejCUwMD/FkpTdrZ1MBZmIgBrhoTWcHHFeiIgDktKLfWb78YmzG2G5hvOoSs/h/aYrbYwd0YsVv0eIuWu8l+0Sw32c2imOzZj7PT6TRNpP3pXyevkEb3kgVZZhjWyaloEMrRcWEVV05ycvzXwbL4U/4b73ehsA==</Value>
				</Measurement>
			</Results>
		</Test>
		<Test Status="failed">
			<Name>test_input_regex_file.test_disjunctive_overlaps6</Name>
			<Path>/home/nicovsj/repos/research/REmatch-org/REmatch/REmatchEngine</Path>
			<FullName>/home/nicovsj/repos/research/REmatch-org/REmatch/REmatchEngine/test_input_regex_file.test_disjunctive_overlaps6</FullName>
			<FullCommandLine>/home/nicovsj/repos/research/REmatch-org/REmatch/REmatchEngine/build/Debug/bin/rematch_test "--run_test=test_input_regex_file/_47" "--catch_system_error=yes"</FullCommandLine>
			<Results>
				<NamedMeasurement type="text/string" name="Exit Code">
					<Value>Failed</Value>
				</NamedMeasurement>
				<NamedMeasurement type="text/string" name="Exit Value">
					<Value>201</Value>
				</NamedMeasurement>
				<NamedMeasurement type="numeric/double" name="Execution Time">
					<Value>0.0422168</Value>
				</NamedMeasurement>
				<NamedMeasurement type="numeric/double" name="Processors">
					<Value>1</Value>
				</NamedMeasurement>
				<NamedMeasurement type="text/string" name="Completion Status">
					<Value>Completed</Value>
				</NamedMeasurement>
				<NamedMeasurement type="text/string" name="Command Line">
					<Value>/home/nicovsj/repos/research/REmatch-org/REmatch/REmatchEngine/build/Debug/bin/rematch_test "--run_test=test_input_regex_file/_47" "--catch_system_error=yes"</Value>
				</NamedMeasurement>
				<NamedMeasurement type="text/string" name="Environment">
					<Value>#CTEST_RESOURCE_GROUP_COUNT=</Value>
				</NamedMeasurement>
				<Measurement>
					<Value encoding="base64" compression="gzip">eJyNUbFuwyAQ3f0LWU4eqjaKnNBEqWIrkTq0W5euGRCFc0JFwIIjcaR+fMFuo45FCB3He/e4d+/RWm0PwIAwEEgRsKqqoqrmaedUGM5Kdt09W68fapjsV82SNavNqRUkDKD3ztegLZQZybXtInGPB+x5qw3O+eqprOGl71ASKgidsBZ9AOXAOoKTIHmEi6YjHPQZ7Q1QvAptokdwUkbvEzVpCGidMe6S/yydJeypLiCtQTu9KfSwHW9Kh89oJaWq3J3RG9GFdQMD/FkpTdrZ1MBZmIgBrhoTWcHHFeiIgDktKLfWb78YmzG2G5hvOoSs/h/aYrbYwd0YsVv0eIuWu8l+0Sw32c2imOzZj7PT6TRNpP3pXyevkEb3kgVZZhjWyaloEMrRcWEVV05ycvzXwbL4U/4b8fahsg==</Value>
				</Measurement>
			</Results>
		</Test>
		<Test Status="failed">
			<Name>test_input_regex_file.test_first_and_last_element1</Name>
			<Path>/home/nicovsj/repos/research/REmatch-org/REmatch/REmatchEngine</Path>
			<FullName>/home/nicovsj/repos/research/REmatch-org/REmatch/REmatchEngine/test_input_regex_file.test_first_and_last_element1</FullName>
			<FullCommandLine>/home/nicovsj/repos/research/REmatch-org/REmatch/REmatchEngine/build/Debug/bin/rematch_test "--run_test=test_input_regex_file/_48" "--catch_system_error=yes"</FullCommandLine>
			<Results>
				<NamedMeasurement type="text/string" name="Exit Code">
					<Value>Failed</Value>
				</NamedMeasurement>
				<NamedMeasurement type="text/string" name="Exit Value">
					<Value>201</Value>
				</NamedMeasurement>
				<NamedMeasurement type="numeric/double" name="Execution Time">
					<Value>0.038573</Value>
				</NamedMeasurement>
				<NamedMeasurement type="numeric/double" name="Processors">
					<Value>1</Value>
				</NamedMeasurement>
				<NamedMeasurement type="text/string" name="Completion Status">
					<Value>Completed</Value>
				</NamedMeasurement>
				<NamedMeasurement type="text/string" name="Command Line">
					<Value>/home/nicovsj/repos/research/REmatch-org/REmatch/REmatchEngine/build/Debug/bin/rematch_test "--run_test=test_input_regex_file/_48" "--catch_system_error=yes"</Value>
				</NamedMeasurement>
				<NamedMeasurement type="text/string" name="Environment">
					<Value>#CTEST_RESOURCE_GROUP_COUNT=</Value>
				</NamedMeasurement>
				<Measurement>
					<Value encoding="base64" compression="gzip">eJyFkT1vwjAQhvf8hSynTC1CAReEIFGQOrRbl64MlmtfwJJjR/YFgsSPrx1o1a2WZfnj3rt7H38O1mp7BAaEgUCKgGVZZmW5iDNdhWktZd8/sc3muYL8sK5XrF7vulaQMIDeO1+BtlCkSK5tPxD3eMSRt9rggq+3RQVvY4+SUEHohbXoAygH1hF0guQJLppOcNRntL8B2bvQZvAITsrB+yiNNQS0zhh3ST1LZwlHqjKIY6od3xR6aB4n7eMqrOJGxA0a7NASq2ESvCqlSTsbLZyFGTDAVWOUK/i6Ap0QMF0LSubG5racs/21ubH5y36Sf+gQUhP/avPDsl7tEq8syw/swW42m0Xm7cOhjjSQ7nyiyZRh+o7OqcEgFHemyYlykpPjP4yK7E/6b2O3msk=</Value>
				</Measurement>
			</Results>
		</Test>
		<Test Status="failed">
			<Name>test_input_regex_file.test_first_and_last_element2</Name>
			<Path>/home/nicovsj/repos/research/REmatch-org/REmatch/REmatchEngine</Path>
			<FullName>/home/nicovsj/repos/research/REmatch-org/REmatch/REmatchEngine/test_input_regex_file.test_first_and_last_element2</FullName>
			<FullCommandLine>/home/nicovsj/repos/research/REmatch-org/REmatch/REmatchEngine/build/Debug/bin/rematch_test "--run_test=test_input_regex_file/_49" "--catch_system_error=yes"</FullCommandLine>
			<Results>
				<NamedMeasurement type="text/string" name="Exit Code">
					<Value>Failed</Value>
				</NamedMeasurement>
				<NamedMeasurement type="text/string" name="Exit Value">
					<Value>201</Value>
				</NamedMeasurement>
				<NamedMeasurement type="numeric/double" name="Execution Time">
					<Value>0.0410185</Value>
				</NamedMeasurement>
				<NamedMeasurement type="numeric/double" name="Processors">
					<Value>1</Value>
				</NamedMeasurement>
				<NamedMeasurement type="text/string" name="Completion Status">
					<Value>Completed</Value>
				</NamedMeasurement>
				<NamedMeasurement type="text/string" name="Command Line">
					<Value>/home/nicovsj/repos/research/REmatch-org/REmatch/REmatchEngine/build/Debug/bin/rematch_test "--run_test=test_input_regex_file/_49" "--catch_system_error=yes"</Value>
				</NamedMeasurement>
				<NamedMeasurement type="text/string" name="Environment">
					<Value>#CTEST_RESOURCE_GROUP_COUNT=</Value>
				</NamedMeasurement>
				<Measurement>
					<Value encoding="base64" compression="gzip">eJyVUcFuwjAMvfcXuFg9bQgVCgiJViBx2G677MohyhIXLKVJlbhQJD5+SWHTrosiy3H8bL/nz95asicogTEwKBmwKIqsKObxplAYbaG67qXcbF4rmBzX9aqs19u2kSwNoPfOV0AW8pQpyHY9C48nHERDBudivc0reBs6VIwaQietRR9AO7COoZWsznAlPsOJLmh/E7J3Sab3CE6p3vsIjT0kNM4Yd00zK2cZB64yiGfsHf80etg9X+SjlVYLI6ODBlu0vKxhBBy0JiZnI4WLND0GuBFGuIavG/AZAVNYciI37O6LWbm/7e7L2Wo/wj8ohDTEP7DlbLmfHBf1apvUy7LJsXwqOZ1O4waaJ1+K2iA/1IqUU71xOa3TvUHIHwonXtopwU78KJZnf8p/A9UHnsg=</Value>
				</Measurement>
			</Results>
		</Test>
		<Test Status="failed">
			<Name>test_input_regex_file.test_first_and_last_element3</Name>
			<Path>/home/nicovsj/repos/research/REmatch-org/REmatch/REmatchEngine</Path>
			<FullName>/home/nicovsj/repos/research/REmatch-org/REmatch/REmatchEngine/test_input_regex_file.test_first_and_last_element3</FullName>
			<FullCommandLine>/home/nicovsj/repos/research/REmatch-org/REmatch/REmatchEngine/build/Debug/bin/rematch_test "--run_test=test_input_regex_file/_50" "--catch_system_error=yes"</FullCommandLine>
			<Results>
				<NamedMeasurement type="text/string" name="Exit Code">
					<Value>Failed</Value>
				</NamedMeasurement>
				<NamedMeasurement type="text/string" name="Exit Value">
					<Value>201</Value>
				</NamedMeasurement>
				<NamedMeasurement type="numeric/double" name="Execution Time">
					<Value>0.0483961</Value>
				</NamedMeasurement>
				<NamedMeasurement type="numeric/double" name="Processors">
					<Value>1</Value>
				</NamedMeasurement>
				<NamedMeasurement type="text/string" name="Completion Status">
					<Value>Completed</Value>
				</NamedMeasurement>
				<NamedMeasurement type="text/string" name="Command Line">
					<Value>/home/nicovsj/repos/research/REmatch-org/REmatch/REmatchEngine/build/Debug/bin/rematch_test "--run_test=test_input_regex_file/_50" "--catch_system_error=yes"</Value>
				</NamedMeasurement>
				<NamedMeasurement type="text/string" name="Environment">
					<Value>#CTEST_RESOURCE_GROUP_COUNT=</Value>
				</NamedMeasurement>
				<Measurement>
					<Value encoding="base64" compression="gzip">eJyVUcFqwzAMvecXehE5baWkzdIVmtDCDtttl117MJ6ttALHDrbSptCPn511Y9cZI2RZT9J7+hisJXuEEhgDg5IBi6LIimIZbwqFyRaq7x/Kzeaxhtlh3VRls952rWRpAL13vgaykKdMQbYfWHg84ihaMrgUz6u8htexR8WoIfTSWvQBtAPrGDrJ6gQX4hMc6Yz2NyF7k2QGj+CUGryP0NhDQuuMcZc0s3KWceQ6g3im3vFPo4fd/UU+Wmm1MDI6aLBDy1UDE+BFa2JyNlI4SzNggCthhGv4vAKfEDCFJSdy4+62WpT76+5WLdb7Cf5OIaQh/oF9WlT72WHVVNukXpbNDuVdyfl8HjfQ3vlS1Ab5W61IOdWbltM5PRiE/FvhxEs7JdiJH8Xy7E/5L8x0nsU=</Value>
				</Measurement>
			</Results>
		</Test>
		<Test Status="failed">
			<Name>test_input_regex_file.test_first_and_last_element4</Name>
			<Path>/home/nicovsj/repos/research/REmatch-org/REmatch/REmatchEngine</Path>
			<FullName>/home/nicovsj/repos/research/REmatch-org/REmatch/REmatchEngine/test_input_regex_file.test_first_and_last_element4</FullName>
			<FullCommandLine>/home/nicovsj/repos/research/REmatch-org/REmatch/REmatchEngine/build/Debug/bin/rematch_test "--run_test=test_input_regex_file/_51" "--catch_system_error=yes"</FullCommandLine>
			<Results>
				<NamedMeasurement type="text/string" name="Exit Code">
					<Value>Failed</Value>
				</NamedMeasurement>
				<NamedMeasurement type="text/string" name="Exit Value">
					<Value>201</Value>
				</NamedMeasurement>
				<NamedMeasurement type="numeric/double" name="Execution Time">
					<Value>0.0497374</Value>
				</NamedMeasurement>
				<NamedMeasurement type="numeric/double" name="Processors">
					<Value>1</Value>
				</NamedMeasurement>
				<NamedMeasurement type="text/string" name="Completion Status">
					<Value>Completed</Value>
				</NamedMeasurement>
				<NamedMeasurement type="text/string" name="Command Line">
					<Value>/home/nicovsj/repos/research/REmatch-org/REmatch/REmatchEngine/build/Debug/bin/rematch_test "--run_test=test_input_regex_file/_51" "--catch_system_error=yes"</Value>
				</NamedMeasurement>
				<NamedMeasurement type="text/string" name="Environment">
					<Value>#CTEST_RESOURCE_GROUP_COUNT=</Value>
				</NamedMeasurement>
				<Measurement>
					<Value encoding="base64" compression="gzip">eJyVUcFuwyAMvecXerFy2qoqLWpXqYkSaYfttsuuPSAGTopEIAKnTaV+/CDtpl2HkAHjZ/s9f47WatsBA8JAIEXAoiiyoljHnVxhtoUchie23z+XsDjuqi2rdoe+FSQMoPfOl6At5CmSazuMxD12OPFWG1zzF5aX8DYNKAkVhEFYiz6AcmAdQS9InuCi6QSdPqP9DcjehTajR3BSjt5HaKwhoHXGuEvqWTpLOFGZQVxz7fin0EP9eGkfrbCKGxEvaLBHS7sKZsCrUpq0s5HCWZgRA1w1RriCryvQCQGTW1AiN9W3zYo11/rG4smaOcGHDiG18Q/0YcU2zeK4qbaHJGCWLY7sIeZyuYxDaB+UdZQH6S5YZJ0SzvPpnRoNQn4XOVFTTnJy/Ee0PPuT/htzBp9Y====</Value>
				</Measurement>
			</Results>
		</Test>
		<Test Status="failed">
			<Name>test_input_regex_file.test_kleene_star1</Name>
			<Path>/home/nicovsj/repos/research/REmatch-org/REmatch/REmatchEngine</Path>
			<FullName>/home/nicovsj/repos/research/REmatch-org/REmatch/REmatchEngine/test_input_regex_file.test_kleene_star1</FullName>
			<FullCommandLine>/home/nicovsj/repos/research/REmatch-org/REmatch/REmatchEngine/build/Debug/bin/rematch_test "--run_test=test_input_regex_file/_54" "--catch_system_error=yes"</FullCommandLine>
			<Results>
				<NamedMeasurement type="text/string" name="Exit Code">
					<Value>Failed</Value>
				</NamedMeasurement>
				<NamedMeasurement type="text/string" name="Exit Value">
					<Value>201</Value>
				</NamedMeasurement>
				<NamedMeasurement type="numeric/double" name="Execution Time">
					<Value>0.0397126</Value>
				</NamedMeasurement>
				<NamedMeasurement type="numeric/double" name="Processors">
					<Value>1</Value>
				</NamedMeasurement>
				<NamedMeasurement type="text/string" name="Completion Status">
					<Value>Completed</Value>
				</NamedMeasurement>
				<NamedMeasurement type="text/string" name="Command Line">
					<Value>/home/nicovsj/repos/research/REmatch-org/REmatch/REmatchEngine/build/Debug/bin/rematch_test "--run_test=test_input_regex_file/_54" "--catch_system_error=yes"</Value>
				</NamedMeasurement>
				<NamedMeasurement type="text/string" name="Environment">
					<Value>#CTEST_RESOURCE_GROUP_COUNT=</Value>
				</NamedMeasurement>
				<Measurement>
					<Value encoding="base64" compression="gzip">eJyNkTFvgzAQhXf+QpYTQ9VGEYGGIAWUSB3arUvXDMi1j8SqYyP7SIjUH1+bpFbHIoQ+7Du/83sfg9ZSH6AAQkfAmcMsy5IsW/o3LLnpm/G+fyyq6qmG2b5sVkVTbk4dI6YArTW2BqkhDZWt1P1ArcUDjm0nFS7bdZnW8Dr2yAkFuJ5pjdaBMKANwYkRP8JF0hEO8ow6FiRvTKrBIhjOB2t9q9dg0BmlzCXMzI0mHKlOwD+Ttt8TaGF7+/tSiBpbR8wWDUxVL0JIkkb7uc9MDejgKtH3CPi8Ah0RMCwzCjcat9/FotrBQ6DnSKtIZaR1pMrTpPQunQtD/kcmX+T39nxRRHqOtIpURlrvZvu8WW1CEEky2xf3UObzuQ+zu1snvc1IN+O9e0F6yvlkxKAQ0ltYTItWGN6SaX/NT5M/x/8AigeuSg==</Value>
				</Measurement>
			</Results>
		</Test>
		<Test Status="failed">
			<Name>test_input_regex_file.test_last_element1</Name>
			<Path>/home/nicovsj/repos/research/REmatch-org/REmatch/REmatchEngine</Path>
			<FullName>/home/nicovsj/repos/research/REmatch-org/REmatch/REmatchEngine/test_input_regex_file.test_last_element1</FullName>
			<FullCommandLine>/home/nicovsj/repos/research/REmatch-org/REmatch/REmatchEngine/build/Debug/bin/rematch_test "--run_test=test_input_regex_file/_55" "--catch_system_error=yes"</FullCommandLine>
			<Results>
				<NamedMeasurement type="text/string" name="Exit Code">
					<Value>Failed</Value>
				</NamedMeasurement>
				<NamedMeasurement type="text/string" name="Exit Value">
					<Value>201</Value>
				</NamedMeasurement>
				<NamedMeasurement type="numeric/double" name="Execution Time">
					<Value>0.0423708</Value>
				</NamedMeasurement>
				<NamedMeasurement type="numeric/double" name="Processors">
					<Value>1</Value>
				</NamedMeasurement>
				<NamedMeasurement type="text/string" name="Completion Status">
					<Value>Completed</Value>
				</NamedMeasurement>
				<NamedMeasurement type="text/string" name="Command Line">
					<Value>/home/nicovsj/repos/research/REmatch-org/REmatch/REmatchEngine/build/Debug/bin/rematch_test "--run_test=test_input_regex_file/_55" "--catch_system_error=yes"</Value>
				</NamedMeasurement>
				<NamedMeasurement type="text/string" name="Environment">
					<Value>#CTEST_RESOURCE_GROUP_COUNT=</Value>
				</NamedMeasurement>
				<Measurement>
					<Value encoding="base64" compression="gzip">eJyNkT1rwzAQhnf/BS+HpzYEJ2o+IDYJZGi3Ll0zCFU6JwJZMtI5caA/vpKdlo4V4uBO997Ho4/eWm3PwIAwEEgRsCzLrCwX8aZQGG0pu+6JbbfPFeSndb1i9XrXNoKEAfTe+Qq0hSJlcm27nrjHMw680QYXfLMpKngdOpSECkInrEUfQDmwjqAVJC9w03SBs76i/U3I3oQ2vUdwUvbeR2nsIaBxxrhbmlk6SzhQlUE8Y+/4ptDDfvKMiAYNtmiJ1TCmHZXSpJ2Ng1+F6THAXWMUKfi8A10QMIUFpZWG/RebvxxG3bsOIfX8j2g5Z4f8tKxXu0Qpy/ITexCbzWaRdPPYS0cGSBOVuFoqNH5C61RvEIqJpLCKKyc5Of5Dpsj+lP8GuwmWrQ==</Value>
				</Measurement>
			</Results>
		</Test>
		<Test Status="failed">
			<Name>test_input_regex_file.test_last_element2</Name>
			<Path>/home/nicovsj/repos/research/REmatch-org/REmatch/REmatchEngine</Path>
			<FullName>/home/nicovsj/repos/research/REmatch-org/REmatch/REmatchEngine/test_input_regex_file.test_last_element2</FullName>
			<FullCommandLine>/home/nicovsj/repos/research/REmatch-org/REmatch/REmatchEngine/build/Debug/bin/rematch_test "--run_test=test_input_regex_file/_56" "--catch_system_error=yes"</FullCommandLine>
			<Results>
				<NamedMeasurement type="text/string" name="Exit Code">
					<Value>Failed</Value>
				</NamedMeasurement>
				<NamedMeasurement type="text/string" name="Exit Value">
					<Value>201</Value>
				</NamedMeasurement>
				<NamedMeasurement type="numeric/double" name="Execution Time">
					<Value>0.0467158</Value>
				</NamedMeasurement>
				<NamedMeasurement type="numeric/double" name="Processors">
					<Value>1</Value>
				</NamedMeasurement>
				<NamedMeasurement type="text/string" name="Completion Status">
					<Value>Completed</Value>
				</NamedMeasurement>
				<NamedMeasurement type="text/string" name="Command Line">
					<Value>/home/nicovsj/repos/research/REmatch-org/REmatch/REmatchEngine/build/Debug/bin/rematch_test "--run_test=test_input_regex_file/_56" "--catch_system_error=yes"</Value>
				</NamedMeasurement>
				<NamedMeasurement type="text/string" name="Environment">
					<Value>#CTEST_RESOURCE_GROUP_COUNT=</Value>
				</NamedMeasurement>
				<Measurement>
					<Value encoding="base64" compression="gzip">eJyNkT1rwzAQhnf/BS+HpzYEJ2pSg20S6NBuXbpmEKp0TgSyZKRz4kB/fCUnLR0rxMGd7r2PRx+jtdoegQFhIJAiYFmWWVmu4k2hMNtSDsMDq6rHBvLDtt2wdlv3nSBhAL13vgFtoUiZXNthJO7xiBPvtMEVf66KBl6nASWhgjAIa9EHUA6sI+gFyRNcNJ3gqM9ofxOyN6HN6BGclKP3URp7COicMe6SZpbOEk7UZBDP3Du+KfSwu3lGRIMGe7T01MKc9qKUJu1sHPwszIgBrhqjSMHnFeiEgCksKK007b7YesnYfla+6xBS1//I6iVb7/PDut3UCVSW5Qd2h7ZYLCLs7r6ajhiQbmDidqnS/A+9U6NBKG4whVVcOcnJ8R84Rfan/DdO95dI====</Value>
				</Measurement>
			</Results>
		</Test>
		<Test Status="failed">
			<Name>test_input_regex_file.test_multiple_paths1</Name>
			<Path>/home/nicovsj/repos/research/REmatch-org/REmatch/REmatchEngine</Path>
			<FullName>/home/nicovsj/repos/research/REmatch-org/REmatch/REmatchEngine/test_input_regex_file.test_multiple_paths1</FullName>
			<FullCommandLine>/home/nicovsj/repos/research/REmatch-org/REmatch/REmatchEngine/build/Debug/bin/rematch_test "--run_test=test_input_regex_file/_63" "--catch_system_error=yes"</FullCommandLine>
			<Results>
				<NamedMeasurement type="text/string" name="Exit Code">
					<Value>Failed</Value>
				</NamedMeasurement>
				<NamedMeasurement type="text/string" name="Exit Value">
					<Value>201</Value>
				</NamedMeasurement>
				<NamedMeasurement type="numeric/double" name="Execution Time">
					<Value>0.0457642</Value>
				</NamedMeasurement>
				<NamedMeasurement type="numeric/double" name="Processors">
					<Value>1</Value>
				</NamedMeasurement>
				<NamedMeasurement type="text/string" name="Completion Status">
					<Value>Completed</Value>
				</NamedMeasurement>
				<NamedMeasurement type="text/string" name="Command Line">
					<Value>/home/nicovsj/repos/research/REmatch-org/REmatch/REmatchEngine/build/Debug/bin/rematch_test "--run_test=test_input_regex_file/_63" "--catch_system_error=yes"</Value>
				</NamedMeasurement>
				<NamedMeasurement type="text/string" name="Environment">
					<Value>#CTEST_RESOURCE_GROUP_COUNT=</Value>
				</NamedMeasurement>
[...]
			<Results>
				<NamedMeasurement type="numeric/double" name="Execution Time">
					<Value>0.0265716</Value>
				</NamedMeasurement>
				<NamedMeasurement type="numeric/double" name="Processors">
					<Value>1</Value>
				</NamedMeasurement>
				<NamedMeasurement type="text/string" name="Completion Status">
					<Value>Completed</Value>
				</NamedMeasurement>
				<NamedMeasurement type="text/string" name="Command Line">
					<Value>/home/nicovsj/repos/research/REmatch-org/REmatch/REmatchEngine/build/Debug/bin/rematch_test "--run_test=test_input_regex_file/_94" "--catch_system_error=yes"</Value>
				</NamedMeasurement>
				<NamedMeasurement type="text/string" name="Environment">
					<Value>#CTEST_RESOURCE_GROUP_COUNT=</Value>
				</NamedMeasurement>
				<Measurement>
					<Value>Running 1 test case...

[NON-XML-CHAR-0x1B][1;32;49m*** No errors detected
[NON-XML-CHAR-0x1B][0;39;49m
</Value>
				</Measurement>
			</Results>
		</Test>
		<Test Status="passed">
			<Name>test_input_regex_file.test_concat_order2</Name>
			<Path>/home/nicovsj/repos/research/REmatch-org/REmatch/REmatchEngine</Path>
			<FullName>/home/nicovsj/repos/research/REmatch-org/REmatch/REmatchEngine/test_input_regex_file.test_concat_order2</FullName>
			<FullCommandLine>/home/nicovsj/repos/research/REmatch-org/REmatch/REmatchEngine/build/Debug/bin/rematch_test "--run_test=test_input_regex_file/_16" "--catch_system_error=yes"</FullCommandLine>
			<Results>
				<NamedMeasurement type="numeric/double" name="Execution Time">
					<Value>0.0204378</Value>
				</NamedMeasurement>
				<NamedMeasurement type="numeric/double" name="Processors">
					<Value>1</Value>
				</NamedMeasurement>
				<NamedMeasurement type="text/string" name="Completion Status">
					<Value>Completed</Value>
				</NamedMeasurement>
				<NamedMeasurement type="text/string" name="Command Line">
					<Value>/home/nicovsj/repos/research/REmatch-org/REmatch/REmatchEngine/build/Debug/bin/rematch_test "--run_test=test_input_regex_file/_16" "--catch_system_error=yes"</Value>
				</NamedMeasurement>
				<NamedMeasurement type="text/string" name="Environment">
					<Value>#CTEST_RESOURCE_GROUP_COUNT=</Value>
				</NamedMeasurement>
				<Measurement>
					<Value>Running 1 test case...

[NON-XML-CHAR-0x1B][1;32;49m*** No errors detected
[NON-XML-CHAR-0x1B][0;39;49m
</Value>
				</Measurement>
			</Results>
		</Test>
		<Test Status="passed">
			<Name>test_input_regex_file.test_one_or_more_char_match5</Name>
			<Path>/home/nicovsj/repos/research/REmatch-org/REmatch/REmatchEngine</Path>
			<FullName>/home/nicovsj/repos/research/REmatch-org/REmatch/REmatchEngine/test_input_regex_file.test_one_or_more_char_match5</FullName>
			<FullCommandLine>/home/nicovsj/repos/research/REmatch-org/REmatch/REmatchEngine/build/Debug/bin/rematch_test "--run_test=test_input_regex_file/_97" "--catch_system_error=yes"</FullCommandLine>
			<Results>
				<NamedMeasurement type="numeric/double" name="Execution Time">
					<Value>0.0218449</Value>
				</NamedMeasurement>
				<NamedMeasurement type="numeric/double" name="Processors">
					<Value>1</Value>
				</NamedMeasurement>
				<NamedMeasurement type="text/string" name="Completion Status">
					<Value>Completed</Value>
				</NamedMeasurement>
				<NamedMeasurement type="text/string" name="Command Line">
					<Value>/home/nicovsj/repos/research/REmatch-org/REmatch/REmatchEngine/build/Debug/bin/rematch_test "--run_test=test_input_regex_file/_97" "--catch_system_error=yes"</Value>
				</NamedMeasurement>
				<NamedMeasurement type="text/string" name="Environment">
					<Value>#CTEST_RESOURCE_GROUP_COUNT=</Value>
				</NamedMeasurement>
				<Measurement>
					<Value>Running 1 test case...

[NON-XML-CHAR-0x1B][1;32;49m*** No errors detected
[NON-XML-CHAR-0x1B][0;39;49m
</Value>
				</Measurement>
			</Results>
		</Test>
		<Test Status="passed">
			<Name>test_input_regex_file.test_one_or_more_char_match4</Name>
			<Path>/home/nicovsj/repos/research/REmatch-org/REmatch/REmatchEngine</Path>
			<FullName>/home/nicovsj/repos/research/REmatch-org/REmatch/REmatchEngine/test_input_regex_file.test_one_or_more_char_match4</FullName>
			<FullCommandLine>/home/nicovsj/repos/research/REmatch-org/REmatch/REmatchEngine/build/Debug/bin/rematch_test "--run_test=test_input_regex_file/_96" "--catch_system_error=yes"</FullCommandLine>
			<Results>
				<NamedMeasurement type="numeric/double" name="Execution Time">
					<Value>0.0195686</Value>
				</NamedMeasurement>
				<NamedMeasurement type="numeric/double" name="Processors">
					<Value>1</Value>
				</NamedMeasurement>
				<NamedMeasurement type="text/string" name="Completion Status">
					<Value>Completed</Value>
				</NamedMeasurement>
				<NamedMeasurement type="text/string" name="Command Line">
					<Value>/home/nicovsj/repos/research/REmatch-org/REmatch/REmatchEngine/build/Debug/bin/rematch_test "--run_test=test_input_regex_file/_96" "--catch_system_error=yes"</Value>
				</NamedMeasurement>
				<NamedMeasurement type="text/string" name="Environment">
					<Value>#CTEST_RESOURCE_GROUP_COUNT=</Value>
				</NamedMeasurement>
				<Measurement>
					<Value>Running 1 test case...

[NON-XML-CHAR-0x1B][1;32;49m*** No errors detected
[NON-XML-CHAR-0x1B][0;39;49m
</Value>
				</Measurement>
			</Results>
		</Test>
		<Test Status="passed">
			<Name>test_input_regex_file.test_single_char_match4</Name>
			<Path>/home/nicovsj/repos/research/REmatch-org/REmatch/REmatchEngine</Path>
			<FullName>/home/nicovsj/repos/research/REmatch-org/REmatch/REmatchEngine/test_input_regex_file.test_single_char_match4</FullName>
			<FullCommandLine>/home/nicovsj/repos/research/REmatch-org/REmatch/REmatchEngine/build/Debug/bin/rematch_test "--run_test=test_input_regex_file/_101" "--catch_system_error=yes"</FullCommandLine>
			<Results>
				<NamedMeasurement type="numeric/double" name="Execution Time">
					<Value>0.0220281</Value>
				</NamedMeasurement>
				<NamedMeasurement type="numeric/double" name="Processors">
					<Value>1</Value>
				</NamedMeasurement>
				<NamedMeasurement type="text/string" name="Completion Status">
					<Value>Completed</Value>
				</NamedMeasurement>
				<NamedMeasurement type="text/string" name="Command Line">
					<Value>/home/nicovsj/repos/research/REmatch-org/REmatch/REmatchEngine/build/Debug/bin/rematch_test "--run_test=test_input_regex_file/_101" "--catch_system_error=yes"</Value>
				</NamedMeasurement>
				<NamedMeasurement type="text/string" name="Environment">
					<Value>#CTEST_RESOURCE_GROUP_COUNT=</Value>
				</NamedMeasurement>
				<Measurement>
					<Value>Running 1 test case...

[NON-XML-CHAR-0x1B][1;32;49m*** No errors detected
[NON-XML-CHAR-0x1B][0;39;49m
</Value>
				</Measurement>
			</Results>
		</Test>
		<Test Status="passed">
			<Name>test_input_regex_file.test_concat_order1</Name>
			<Path>/home/nicovsj/repos/research/REmatch-org/REmatch/REmatchEngine</Path>
			<FullName>/home/nicovsj/repos/research/REmatch-org/REmatch/REmatchEngine/test_input_regex_file.test_concat_order1</FullName>
			<FullCommandLine>/home/nicovsj/repos/research/REmatch-org/REmatch/REmatchEngine/build/Debug/bin/rematch_test "--run_test=test_input_regex_file/_15" "--catch_system_error=yes"</FullCommandLine>
			<Results>
				<NamedMeasurement type="numeric/double" name="Execution Time">
					<Value>0.0190181</Value>
				</NamedMeasurement>
				<NamedMeasurement type="numeric/double" name="Processors">
					<Value>1</Value>
				</NamedMeasurement>
				<NamedMeasurement type="text/string" name="Completion Status">
					<Value>Completed</Value>
				</NamedMeasurement>
				<NamedMeasurement type="text/string" name="Command Line">
					<Value>/home/nicovsj/repos/research/REmatch-org/REmatch/REmatchEngine/build/Debug/bin/rematch_test "--run_test=test_input_regex_file/_15" "--catch_system_error=yes"</Value>
				</NamedMeasurement>
				<NamedMeasurement type="text/string" name="Environment">
					<Value>#CTEST_RESOURCE_GROUP_COUNT=</Value>
				</NamedMeasurement>
				<Measurement>
					<Value>Running 1 test case...

[NON-XML-CHAR-0x1B][1;32;49m*** No errors detected
[NON-XML-CHAR-0x1B][0;39;49m
</Value>
				</Measurement>
			</Results>
		</Test>
		<Test Status="passed">
			<Name>test_input_regex_file.test_single_char_match5</Name>
			<Path>/home/nicovsj/repos/research/REmatch-org/REmatch/REmatchEngine</Path>
			<FullName>/home/nicovsj/repos/research/REmatch-org/REmatch/REmatchEngine/test_input_regex_file.test_single_char_match5</FullName>
			<FullCommandLine>/home/nicovsj/repos/research/REmatch-org/REmatch/REmatchEngine/build/Debug/bin/rematch_test "--run_test=test_input_regex_file/_102" "--catch_system_error=yes"</FullCommandLine>
			<Results>
				<NamedMeasurement type="numeric/double" name="Execution Time">
					<Value>0.0192792</Value>
				</NamedMeasurement>
				<NamedMeasurement type="numeric/double" name="Processors">
					<Value>1</Value>
				</NamedMeasurement>
				<NamedMeasurement type="text/string" name="Completion Status">
					<Value>Completed</Value>
				</NamedMeasurement>
				<NamedMeasurement type="text/string" name="Command Line">
					<Value>/home/nicovsj/repos/research/REmatch-org/REmatch/REmatchEngine/build/Debug/bin/rematch_test "--run_test=test_input_regex_file/_102" "--catch_system_error=yes"</Value>
				</NamedMeasurement>
				<NamedMeasurement type="text/string" name="Environment">
					<Value>#CTEST_RESOURCE_GROUP_COUNT=</Value>
				</NamedMeasurement>
				<Measurement>
					<Value>Running 1 test case...

[NON-XML-CHAR-0x1B][1;32;49m*** No errors detected
[NON-XML-CHAR-0x1B][0;39;49m
</Value>
				</Measurement>
			</Results>
		</Test>
		<Test Status="passed">
			<Name>test_input_regex_file.test_nested_vars_concat3</Name>
			<Path>/home/nicovsj/repos/research/REmatch-org/REmatch/REmatchEngine</Path>
			<FullName>/home/nicovsj/repos/research/REmatch-org/REmatch/REmatchEngine/test_input_regex_file.test_nested_vars_concat3</FullName>
			<FullCommandLine>/home/nicovsj/repos/research/REmatch-org/REmatch/REmatchEngine/build/Debug/bin/rematch_test "--run_test=test_input_regex_file/_79" "--catch_system_error=yes"</FullCommandLine>
			<Results>
				<NamedMeasurement type="numeric/double" name="Execution Time">
					<Value>0.0193795</Value>
				</NamedMeasurement>
				<NamedMeasurement type="numeric/double" name="Processors">
					<Value>1</Value>
				</NamedMeasurement>
				<NamedMeasurement type="text/string" name="Completion Status">
					<Value>Completed</Value>
				</NamedMeasurement>
				<NamedMeasurement type="text/string" name="Command Line">
					<Value>/home/nicovsj/repos/research/REmatch-org/REmatch/REmatchEngine/build/Debug/bin/rematch_test "--run_test=test_input_regex_file/_79" "--catch_system_error=yes"</Value>
				</NamedMeasurement>
				<NamedMeasurement type="text/string" name="Environment">
					<Value>#CTEST_RESOURCE_GROUP_COUNT=</Value>
				</NamedMeasurement>
				<Measurement>
					<Value>Running 1 test case...

[NON-XML-CHAR-0x1B][1;32;49m*** No errors detected
[NON-XML-CHAR-0x1B][0;39;49m
</Value>
				</Measurement>
			</Results>
		</Test>
		<Test Status="passed">
			<Name>test_input_regex_file.test_specific_element3</Name>
			<Path>/home/nicovsj/repos/research/REmatch-org/REmatch/REmatchEngine</Path>
			<FullName>/home/nicovsj/repos/research/REmatch-org/REmatch/REmatchEngine/test_input_regex_file.test_specific_element3</FullName>
			<FullCommandLine>/home/nicovsj/repos/research/REmatch-org/REmatch/REmatchEngine/build/Debug/bin/rematch_test "--run_test=test_input_regex_file/_105" "--catch_system_error=yes"</FullCommandLine>
			<Results>
				<NamedMeasurement type="numeric/double" name="Execution Time">
					<Value>0.0218963</Value>
				</NamedMeasurement>
				<NamedMeasurement type="numeric/double" name="Processors">
					<Value>1</Value>
				</NamedMeasurement>
				<NamedMeasurement type="text/string" name="Completion Status">
					<Value>Completed</Value>
				</NamedMeasurement>
				<NamedMeasurement type="text/string" name="Command Line">
					<Value>/home/nicovsj/repos/research/REmatch-org/REmatch/REmatchEngine/build/Debug/bin/rematch_test "--run_test=test_input_regex_file/_105" "--catch_system_error=yes"</Value>
				</NamedMeasurement>
				<NamedMeasurement type="text/string" name="Environment">
					<Value>#CTEST_RESOURCE_GROUP_COUNT=</Value>
				</NamedMeasurement>
				<Measurement>
					<Value>Running 1 test case...

[NON-XML-CHAR-0x1B][1;32;49m*** No errors detected
[NON-XML-CHAR-0x1B][0;39;49m
</Value>
				</Measurement>
			</Results>
		</Test>
		<Test Status="passed">
			<Name>test_input_regex_file.test_single_char_match2</Name>
			<Path>/home/nicovsj/repos/research/REmatch-org/REmatch/REmatchEngine</Path>
			<FullName>/home/nicovsj/repos/research/REmatch-org/REmatch/REmatchEngine/test_input_regex_file.test_single_char_match2</FullName>
			<FullCommandLine>/home/nicovsj/repos/research/REmatch-org/REmatch/REmatchEngine/build/Debug/bin/rematch_test "--run_test=test_input_regex_file/_99" "--catch_system_error=yes"</FullCommandLine>
			<Results>
				<NamedMeasurement type="numeric/double" name="Execution Time">
					<Value>0.0198557</Value>
				</NamedMeasurement>
				<NamedMeasurement type="numeric/double" name="Processors">
					<Value>1</Value>
				</NamedMeasurement>
				<NamedMeasurement type="text/string" name="Completion Status">
					<Value>Completed</Value>
				</NamedMeasurement>
				<NamedMeasurement type="text/string" name="Command Line">
					<Value>/home/nicovsj/repos/research/REmatch-org/REmatch/REmatchEngine/build/Debug/bin/rematch_test "--run_test=test_input_regex_file/_99" "--catch_system_error=yes"</Value>
				</NamedMeasurement>
				<NamedMeasurement type="text/string" name="Environment">
					<Value>#CTEST_RESOURCE_GROUP_COUNT=</Value>
				</NamedMeasurement>
				<Measurement>
					<Value>Running 1 test case...

[NON-XML-CHAR-0x1B][1;32;49m*** No errors detected
[NON-XML-CHAR-0x1B][0;39;49m
</Value>
				</Measurement>
			</Results>
		</Test>
		<Test Status="passed">
			<Name>test_input_regex_file.test_nested_vars_concat2</Name>
			<Path>/home/nicovsj/repos/research/REmatch-org/REmatch/REmatchEngine</Path>
			<FullName>/home/nicovsj/repos/research/REmatch-org/REmatch/REmatchEngine/test_input_regex_file.test_nested_vars_concat2</FullName>
			<FullCommandLine>/home/nicovsj/repos/research/REmatch-org/REmatch/REmatchEngine/build/Debug/bin/rematch_test "--run_test=test_input_regex_file/_78" "--catch_system_error=yes"</FullCommandLine>
			<Results>
				<NamedMeasurement type="numeric/double" name="Execution Time">
					<Value>0.0144554</Value>
				</NamedMeasurement>
				<NamedMeasurement type="numeric/double" name="Processors">
					<Value>1</Value>
				</NamedMeasurement>
				<NamedMeasurement type="text/string" name="Completion Status">
					<Value>Completed</Value>
				</NamedMeasurement>
				<NamedMeasurement type="text/string" name="Command Line">
					<Value>/home/nicovsj/repos/research/REmatch-org/REmatch/REmatchEngine/build/Debug/bin/rematch_test "--run_test=test_input_regex_file/_78" "--catch_system_error=yes"</Value>
				</NamedMeasurement>
				<NamedMeasurement type="text/string" name="Environment">
					<Value>#CTEST_RESOURCE_GROUP_COUNT=</Value>
				</NamedMeasurement>
				<Measurement>
					<Value>Running 1 test case...

[NON-XML-CHAR-0x1B][1;32;49m*** No errors detected
[NON-XML-CHAR-0x1B][0;39;49m
</Value>
				</Measurement>
			</Results>
		</Test>
		<Test Status="passed">
			<Name>test_input_regex_file.test_specific_element1</Name>
			<Path>/home/nicovsj/repos/research/REmatch-org/REmatch/REmatchEngine</Path>
			<FullName>/home/nicovsj/repos/research/REmatch-org/REmatch/REmatchEngine/test_input_regex_file.test_specific_element1</FullName>
			<FullCommandLine>/home/nicovsj/repos/research/REmatch-org/REmatch/REmatchEngine/build/Debug/bin/rematch_test "--run_test=test_input_regex_file/_103" "--catch_system_error=yes"</FullCommandLine>
			<Results>
				<NamedMeasurement type="numeric/double" name="Execution Time">
					<Value>0.0125897</Value>
				</NamedMeasurement>
				<NamedMeasurement type="numeric/double" name="Processors">
					<Value>1</Value>
				</NamedMeasurement>
				<NamedMeasurement type="text/string" name="Completion Status">
					<Value>Completed</Value>
				</NamedMeasurement>
				<NamedMeasurement type="text/string" name="Command Line">
					<Value>/home/nicovsj/repos/research/REmatch-org/REmatch/REmatchEngine/build/Debug/bin/rematch_test "--run_test=test_input_regex_file/_103" "--catch_system_error=yes"</Value>
				</NamedMeasurement>
				<NamedMeasurement type="text/string" name="Environment">
					<Value>#CTEST_RESOURCE_GROUP_COUNT=</Value>
				</NamedMeasurement>
				<Measurement>
					<Value>Running 1 test case...

[NON-XML-CHAR-0x1B][1;32;49m*** No errors detected
[NON-XML-CHAR-0x1B][0;39;49m
</Value>
				</Measurement>
			</Results>
		</Test>
		<Test Status="passed">
			<Name>test_input_regex_file.test_single_char_match3</Name>
			<Path>/home/nicovsj/repos/research/REmatch-org/REmatch/REmatchEngine</Path>
			<FullName>/home/nicovsj/repos/research/REmatch-org/REmatch/REmatchEngine/test_input_regex_file.test_single_char_match3</FullName>
			<FullCommandLine>/home/nicovsj/repos/research/REmatch-org/REmatch/REmatchEngine/build/Debug/bin/rematch_test "--run_test=test_input_regex_file/_100" "--catch_system_error=yes"</FullCommandLine>
			<Results>
				<NamedMeasurement type="numeric/double" name="Execution Time">
					<Value>0.0103554</Value>
				</NamedMeasurement>
				<NamedMeasurement type="numeric/double" name="Processors">
					<Value>1</Value>
				</NamedMeasurement>
				<NamedMeasurement type="text/string" name="Completion Status">
					<Value>Completed</Value>
				</NamedMeasurement>
				<NamedMeasurement type="text/string" name="Command Line">
					<Value>/home/nicovsj/repos/research/REmatch-org/REmatch/REmatchEngine/build/Debug/bin/rematch_test "--run_test=test_input_regex_file/_100" "--catch_system_error=yes"</Value>
				</NamedMeasurement>
				<NamedMeasurement type="text/string" name="Environment">
					<Value>#CTEST_RESOURCE_GROUP_COUNT=</Value>
				</NamedMeasurement>
				<Measurement>
					<Value>Running 1 test case...

[NON-XML-CHAR-0x1B][1;32;49m*** No errors detected
[NON-XML-CHAR-0x1B][0;39;49m
</Value>
				</Measurement>
			</Results>
		</Test>
		<Test Status="passed">
			<Name>test_input_regex_file.test_disjunction1</Name>
			<Path>/home/nicovsj/repos/research/REmatch-org/REmatch/REmatchEngine</Path>
			<FullName>/home/nicovsj/repos/research/REmatch-org/REmatch/REmatchEngine/test_input_regex_file.test_disjunction1</FullName>
			<FullCommandLine>/home/nicovsj/repos/research/REmatch-org/REmatch/REmatchEngine/build/Debug/bin/rematch_test "--run_test=test_input_regex_file/_18" "--catch_system_error=yes"</FullCommandLine>
			<Results>
				<NamedMeasurement type="numeric/double" name="Execution Time">
					<Value>0.0130311</Value>
				</NamedMeasurement>
				<NamedMeasurement type="numeric/double" name="Processors">
					<Value>1</Value>
				</NamedMeasurement>
				<NamedMeasurement type="text/string" name="Completion Status">
					<Value>Completed</Value>
				</NamedMeasurement>
				<NamedMeasurement type="text/string" name="Command Line">
					<Value>/home/nicovsj/repos/research/REmatch-org/REmatch/REmatchEngine/build/Debug/bin/rematch_test "--run_test=test_input_regex_file/_18" "--catch_system_error=yes"</Value>
				</NamedMeasurement>
				<NamedMeasurement type="text/string" name="Environment">
					<Value>#CTEST_RESOURCE_GROUP_COUNT=</Value>
				</NamedMeasurement>
				<Measurement>
					<Value>Running 1 test case...

[NON-XML-CHAR-0x1B][1;32;49m*** No errors detected
[NON-XML-CHAR-0x1B][0;39;49m
</Value>
				</Measurement>
			</Results>
		</Test>
		<EndDateTime>Jan 05 13:42 -03</EndDateTime>
		<EndTestTime>1609864932</EndTestTime>
		<ElapsedMinutes>0</ElapsedMinutes>
	</Testing>
</Site>
